ARM GAS  C:\Users\natal\AppData\Local\Temp\cc30AEKh.s 			page 1


   1              		.cpu cortex-m4
   2              		.arch armv7e-m
   3              		.fpu fpv4-sp-d16
   4              		.eabi_attribute 27, 1
   5              		.eabi_attribute 28, 1
   6              		.eabi_attribute 20, 1
   7              		.eabi_attribute 21, 1
   8              		.eabi_attribute 23, 3
   9              		.eabi_attribute 24, 1
  10              		.eabi_attribute 25, 1
  11              		.eabi_attribute 26, 1
  12              		.eabi_attribute 30, 6
  13              		.eabi_attribute 34, 1
  14              		.eabi_attribute 18, 4
  15              		.file	"stm32f4xx_hal_msp.c"
  16              		.text
  17              	.Ltext0:
  18              		.cfi_sections	.debug_frame
  19              		.section	.text.HAL_MspInit,"ax",%progbits
  20              		.align	1
  21              		.global	HAL_MspInit
  22              		.syntax unified
  23              		.thumb
  24              		.thumb_func
  26              	HAL_MspInit:
  27              	.LFB220:
  28              		.file 1 "Core/Src/stm32f4xx_hal_msp.c"
   1:Core/Src/stm32f4xx_hal_msp.c **** 
   2:Core/Src/stm32f4xx_hal_msp.c **** /* USER CODE BEGIN Header */
   3:Core/Src/stm32f4xx_hal_msp.c **** /**
   4:Core/Src/stm32f4xx_hal_msp.c ****   ******************************************************************************
   5:Core/Src/stm32f4xx_hal_msp.c ****   * @file         stm32f4xx_hal_msp.c
   6:Core/Src/stm32f4xx_hal_msp.c ****   * @brief        This file provides code for the MSP Initialization
   7:Core/Src/stm32f4xx_hal_msp.c ****   *               and de-Initialization codes.
   8:Core/Src/stm32f4xx_hal_msp.c ****   ******************************************************************************
   9:Core/Src/stm32f4xx_hal_msp.c ****   * @attention
  10:Core/Src/stm32f4xx_hal_msp.c ****   *
  11:Core/Src/stm32f4xx_hal_msp.c ****   * Copyright (c) 2022 STMicroelectronics.
  12:Core/Src/stm32f4xx_hal_msp.c ****   * All rights reserved.
  13:Core/Src/stm32f4xx_hal_msp.c ****   *
  14:Core/Src/stm32f4xx_hal_msp.c ****   * This software is licensed under terms that can be found in the LICENSE file
  15:Core/Src/stm32f4xx_hal_msp.c ****   * in the root directory of this software component.
  16:Core/Src/stm32f4xx_hal_msp.c ****   * If no LICENSE file comes with this software, it is provided AS-IS.
  17:Core/Src/stm32f4xx_hal_msp.c ****   *
  18:Core/Src/stm32f4xx_hal_msp.c ****   ******************************************************************************
  19:Core/Src/stm32f4xx_hal_msp.c ****   */
  20:Core/Src/stm32f4xx_hal_msp.c **** /* USER CODE END Header */
  21:Core/Src/stm32f4xx_hal_msp.c **** 
  22:Core/Src/stm32f4xx_hal_msp.c **** /* Includes ------------------------------------------------------------------*/
  23:Core/Src/stm32f4xx_hal_msp.c **** #include "main.h"
  24:Core/Src/stm32f4xx_hal_msp.c **** /* USER CODE BEGIN Includes */
  25:Core/Src/stm32f4xx_hal_msp.c **** 
  26:Core/Src/stm32f4xx_hal_msp.c **** /* USER CODE END Includes */
  27:Core/Src/stm32f4xx_hal_msp.c **** 
  28:Core/Src/stm32f4xx_hal_msp.c **** /* Private typedef -----------------------------------------------------------*/
  29:Core/Src/stm32f4xx_hal_msp.c **** /* USER CODE BEGIN TD */
  30:Core/Src/stm32f4xx_hal_msp.c **** 
ARM GAS  C:\Users\natal\AppData\Local\Temp\cc30AEKh.s 			page 2


  31:Core/Src/stm32f4xx_hal_msp.c **** /* USER CODE END TD */
  32:Core/Src/stm32f4xx_hal_msp.c **** 
  33:Core/Src/stm32f4xx_hal_msp.c **** /* Private define ------------------------------------------------------------*/
  34:Core/Src/stm32f4xx_hal_msp.c **** /* USER CODE BEGIN Define */
  35:Core/Src/stm32f4xx_hal_msp.c **** 
  36:Core/Src/stm32f4xx_hal_msp.c **** /* USER CODE END Define */
  37:Core/Src/stm32f4xx_hal_msp.c **** 
  38:Core/Src/stm32f4xx_hal_msp.c **** /* Private macro -------------------------------------------------------------*/
  39:Core/Src/stm32f4xx_hal_msp.c **** /* USER CODE BEGIN Macro */
  40:Core/Src/stm32f4xx_hal_msp.c **** 
  41:Core/Src/stm32f4xx_hal_msp.c **** /* USER CODE END Macro */
  42:Core/Src/stm32f4xx_hal_msp.c **** 
  43:Core/Src/stm32f4xx_hal_msp.c **** /* Private variables ---------------------------------------------------------*/
  44:Core/Src/stm32f4xx_hal_msp.c **** /* USER CODE BEGIN PV */
  45:Core/Src/stm32f4xx_hal_msp.c **** 
  46:Core/Src/stm32f4xx_hal_msp.c **** /* USER CODE END PV */
  47:Core/Src/stm32f4xx_hal_msp.c **** 
  48:Core/Src/stm32f4xx_hal_msp.c **** /* Private function prototypes -----------------------------------------------*/
  49:Core/Src/stm32f4xx_hal_msp.c **** /* USER CODE BEGIN PFP */
  50:Core/Src/stm32f4xx_hal_msp.c **** 
  51:Core/Src/stm32f4xx_hal_msp.c **** /* USER CODE END PFP */
  52:Core/Src/stm32f4xx_hal_msp.c **** 
  53:Core/Src/stm32f4xx_hal_msp.c **** /* External functions --------------------------------------------------------*/
  54:Core/Src/stm32f4xx_hal_msp.c **** /* USER CODE BEGIN ExternalFunctions */
  55:Core/Src/stm32f4xx_hal_msp.c **** 
  56:Core/Src/stm32f4xx_hal_msp.c **** /* USER CODE END ExternalFunctions */
  57:Core/Src/stm32f4xx_hal_msp.c **** 
  58:Core/Src/stm32f4xx_hal_msp.c **** /* USER CODE BEGIN 0 */
  59:Core/Src/stm32f4xx_hal_msp.c **** 
  60:Core/Src/stm32f4xx_hal_msp.c **** /* USER CODE END 0 */
  61:Core/Src/stm32f4xx_hal_msp.c **** 
  62:Core/Src/stm32f4xx_hal_msp.c **** void HAL_TIM_MspPostInit(TIM_HandleTypeDef *htim);
  63:Core/Src/stm32f4xx_hal_msp.c ****                     /**
  64:Core/Src/stm32f4xx_hal_msp.c ****   * Initializes the Global MSP.
  65:Core/Src/stm32f4xx_hal_msp.c ****   */
  66:Core/Src/stm32f4xx_hal_msp.c **** void HAL_MspInit(void)
  67:Core/Src/stm32f4xx_hal_msp.c **** {
  29              		.loc 1 67 1
  30              		.cfi_startproc
  31              		@ args = 0, pretend = 0, frame = 8
  32              		@ frame_needed = 1, uses_anonymous_args = 0
  33              		@ link register save eliminated.
  34 0000 80B4     		push	{r7}
  35              	.LCFI0:
  36              		.cfi_def_cfa_offset 4
  37              		.cfi_offset 7, -4
  38 0002 83B0     		sub	sp, sp, #12
  39              	.LCFI1:
  40              		.cfi_def_cfa_offset 16
  41 0004 00AF     		add	r7, sp, #0
  42              	.LCFI2:
  43              		.cfi_def_cfa_register 7
  44              	.LBB2:
  68:Core/Src/stm32f4xx_hal_msp.c **** 
  69:Core/Src/stm32f4xx_hal_msp.c ****   /* USER CODE BEGIN MspInit 0 */
  70:Core/Src/stm32f4xx_hal_msp.c **** 
  71:Core/Src/stm32f4xx_hal_msp.c ****   /* USER CODE END MspInit 0 */
ARM GAS  C:\Users\natal\AppData\Local\Temp\cc30AEKh.s 			page 3


  72:Core/Src/stm32f4xx_hal_msp.c **** 
  73:Core/Src/stm32f4xx_hal_msp.c ****   __HAL_RCC_SYSCFG_CLK_ENABLE();
  45              		.loc 1 73 3
  46 0006 0023     		movs	r3, #0
  47 0008 7B60     		str	r3, [r7, #4]
  48 000a 104B     		ldr	r3, .L2
  49 000c 5B6C     		ldr	r3, [r3, #68]
  50 000e 0F4A     		ldr	r2, .L2
  51 0010 43F48043 		orr	r3, r3, #16384
  52 0014 5364     		str	r3, [r2, #68]
  53 0016 0D4B     		ldr	r3, .L2
  54 0018 5B6C     		ldr	r3, [r3, #68]
  55 001a 03F48043 		and	r3, r3, #16384
  56 001e 7B60     		str	r3, [r7, #4]
  57 0020 7B68     		ldr	r3, [r7, #4]
  58              	.LBE2:
  59              	.LBB3:
  74:Core/Src/stm32f4xx_hal_msp.c ****   __HAL_RCC_PWR_CLK_ENABLE();
  60              		.loc 1 74 3
  61 0022 0023     		movs	r3, #0
  62 0024 3B60     		str	r3, [r7]
  63 0026 094B     		ldr	r3, .L2
  64 0028 1B6C     		ldr	r3, [r3, #64]
  65 002a 084A     		ldr	r2, .L2
  66 002c 43F08053 		orr	r3, r3, #268435456
  67 0030 1364     		str	r3, [r2, #64]
  68 0032 064B     		ldr	r3, .L2
  69 0034 1B6C     		ldr	r3, [r3, #64]
  70 0036 03F08053 		and	r3, r3, #268435456
  71 003a 3B60     		str	r3, [r7]
  72 003c 3B68     		ldr	r3, [r7]
  73              	.LBE3:
  75:Core/Src/stm32f4xx_hal_msp.c **** 
  76:Core/Src/stm32f4xx_hal_msp.c ****   /* System interrupt init*/
  77:Core/Src/stm32f4xx_hal_msp.c **** 
  78:Core/Src/stm32f4xx_hal_msp.c ****   /* USER CODE BEGIN MspInit 1 */
  79:Core/Src/stm32f4xx_hal_msp.c **** 
  80:Core/Src/stm32f4xx_hal_msp.c ****   /* USER CODE END MspInit 1 */
  81:Core/Src/stm32f4xx_hal_msp.c **** }
  74              		.loc 1 81 1
  75 003e 00BF     		nop
  76 0040 0C37     		adds	r7, r7, #12
  77              	.LCFI3:
  78              		.cfi_def_cfa_offset 4
  79 0042 BD46     		mov	sp, r7
  80              	.LCFI4:
  81              		.cfi_def_cfa_register 13
  82              		@ sp needed
  83 0044 5DF8047B 		ldr	r7, [sp], #4
  84              	.LCFI5:
  85              		.cfi_restore 7
  86              		.cfi_def_cfa_offset 0
  87 0048 7047     		bx	lr
  88              	.L3:
  89 004a 00BF     		.align	2
  90              	.L2:
  91 004c 00380240 		.word	1073887232
ARM GAS  C:\Users\natal\AppData\Local\Temp\cc30AEKh.s 			page 4


  92              		.cfi_endproc
  93              	.LFE220:
  95              		.section	.text.HAL_ADC_MspInit,"ax",%progbits
  96              		.align	1
  97              		.global	HAL_ADC_MspInit
  98              		.syntax unified
  99              		.thumb
 100              		.thumb_func
 102              	HAL_ADC_MspInit:
 103              	.LFB221:
  82:Core/Src/stm32f4xx_hal_msp.c **** 
  83:Core/Src/stm32f4xx_hal_msp.c **** /**
  84:Core/Src/stm32f4xx_hal_msp.c **** * @brief ADC MSP Initialization
  85:Core/Src/stm32f4xx_hal_msp.c **** * This function configures the hardware resources used in this example
  86:Core/Src/stm32f4xx_hal_msp.c **** * @param hadc: ADC handle pointer
  87:Core/Src/stm32f4xx_hal_msp.c **** * @retval None
  88:Core/Src/stm32f4xx_hal_msp.c **** */
  89:Core/Src/stm32f4xx_hal_msp.c **** void HAL_ADC_MspInit(ADC_HandleTypeDef* hadc)
  90:Core/Src/stm32f4xx_hal_msp.c **** {
 104              		.loc 1 90 1
 105              		.cfi_startproc
 106              		@ args = 0, pretend = 0, frame = 40
 107              		@ frame_needed = 1, uses_anonymous_args = 0
 108 0000 80B5     		push	{r7, lr}
 109              	.LCFI6:
 110              		.cfi_def_cfa_offset 8
 111              		.cfi_offset 7, -8
 112              		.cfi_offset 14, -4
 113 0002 8AB0     		sub	sp, sp, #40
 114              	.LCFI7:
 115              		.cfi_def_cfa_offset 48
 116 0004 00AF     		add	r7, sp, #0
 117              	.LCFI8:
 118              		.cfi_def_cfa_register 7
 119 0006 7860     		str	r0, [r7, #4]
  91:Core/Src/stm32f4xx_hal_msp.c ****   GPIO_InitTypeDef GPIO_InitStruct = {0};
 120              		.loc 1 91 20
 121 0008 07F11403 		add	r3, r7, #20
 122 000c 0022     		movs	r2, #0
 123 000e 1A60     		str	r2, [r3]
 124 0010 5A60     		str	r2, [r3, #4]
 125 0012 9A60     		str	r2, [r3, #8]
 126 0014 DA60     		str	r2, [r3, #12]
 127 0016 1A61     		str	r2, [r3, #16]
  92:Core/Src/stm32f4xx_hal_msp.c ****   if(hadc->Instance==ADC1)
 128              		.loc 1 92 10
 129 0018 7B68     		ldr	r3, [r7, #4]
 130 001a 1B68     		ldr	r3, [r3]
 131              		.loc 1 92 5
 132 001c 174A     		ldr	r2, .L7
 133 001e 9342     		cmp	r3, r2
 134 0020 27D1     		bne	.L6
 135              	.LBB4:
  93:Core/Src/stm32f4xx_hal_msp.c ****   {
  94:Core/Src/stm32f4xx_hal_msp.c ****   /* USER CODE BEGIN ADC1_MspInit 0 */
  95:Core/Src/stm32f4xx_hal_msp.c **** 
  96:Core/Src/stm32f4xx_hal_msp.c ****   /* USER CODE END ADC1_MspInit 0 */
ARM GAS  C:\Users\natal\AppData\Local\Temp\cc30AEKh.s 			page 5


  97:Core/Src/stm32f4xx_hal_msp.c ****     /* Peripheral clock enable */
  98:Core/Src/stm32f4xx_hal_msp.c ****     __HAL_RCC_ADC1_CLK_ENABLE();
 136              		.loc 1 98 5
 137 0022 0023     		movs	r3, #0
 138 0024 3B61     		str	r3, [r7, #16]
 139 0026 164B     		ldr	r3, .L7+4
 140 0028 5B6C     		ldr	r3, [r3, #68]
 141 002a 154A     		ldr	r2, .L7+4
 142 002c 43F48073 		orr	r3, r3, #256
 143 0030 5364     		str	r3, [r2, #68]
 144 0032 134B     		ldr	r3, .L7+4
 145 0034 5B6C     		ldr	r3, [r3, #68]
 146 0036 03F48073 		and	r3, r3, #256
 147 003a 3B61     		str	r3, [r7, #16]
 148 003c 3B69     		ldr	r3, [r7, #16]
 149              	.LBE4:
 150              	.LBB5:
  99:Core/Src/stm32f4xx_hal_msp.c **** 
 100:Core/Src/stm32f4xx_hal_msp.c ****     __HAL_RCC_GPIOA_CLK_ENABLE();
 151              		.loc 1 100 5
 152 003e 0023     		movs	r3, #0
 153 0040 FB60     		str	r3, [r7, #12]
 154 0042 0F4B     		ldr	r3, .L7+4
 155 0044 1B6B     		ldr	r3, [r3, #48]
 156 0046 0E4A     		ldr	r2, .L7+4
 157 0048 43F00103 		orr	r3, r3, #1
 158 004c 1363     		str	r3, [r2, #48]
 159 004e 0C4B     		ldr	r3, .L7+4
 160 0050 1B6B     		ldr	r3, [r3, #48]
 161 0052 03F00103 		and	r3, r3, #1
 162 0056 FB60     		str	r3, [r7, #12]
 163 0058 FB68     		ldr	r3, [r7, #12]
 164              	.LBE5:
 101:Core/Src/stm32f4xx_hal_msp.c ****     /**ADC1 GPIO Configuration
 102:Core/Src/stm32f4xx_hal_msp.c ****     PA0-WKUP     ------> ADC1_IN0
 103:Core/Src/stm32f4xx_hal_msp.c ****     */
 104:Core/Src/stm32f4xx_hal_msp.c ****     GPIO_InitStruct.Pin = GPIO_PIN_0;
 165              		.loc 1 104 25
 166 005a 0123     		movs	r3, #1
 167 005c 7B61     		str	r3, [r7, #20]
 105:Core/Src/stm32f4xx_hal_msp.c ****     GPIO_InitStruct.Mode = GPIO_MODE_ANALOG;
 168              		.loc 1 105 26
 169 005e 0323     		movs	r3, #3
 170 0060 BB61     		str	r3, [r7, #24]
 106:Core/Src/stm32f4xx_hal_msp.c ****     GPIO_InitStruct.Pull = GPIO_NOPULL;
 171              		.loc 1 106 26
 172 0062 0023     		movs	r3, #0
 173 0064 FB61     		str	r3, [r7, #28]
 107:Core/Src/stm32f4xx_hal_msp.c ****     HAL_GPIO_Init(GPIOA, &GPIO_InitStruct);
 174              		.loc 1 107 5
 175 0066 07F11403 		add	r3, r7, #20
 176 006a 1946     		mov	r1, r3
 177 006c 0548     		ldr	r0, .L7+8
 178 006e FFF7FEFF 		bl	HAL_GPIO_Init
 179              	.L6:
 108:Core/Src/stm32f4xx_hal_msp.c **** 
 109:Core/Src/stm32f4xx_hal_msp.c ****   /* USER CODE BEGIN ADC1_MspInit 1 */
ARM GAS  C:\Users\natal\AppData\Local\Temp\cc30AEKh.s 			page 6


 110:Core/Src/stm32f4xx_hal_msp.c **** 
 111:Core/Src/stm32f4xx_hal_msp.c ****   /* USER CODE END ADC1_MspInit 1 */
 112:Core/Src/stm32f4xx_hal_msp.c **** 
 113:Core/Src/stm32f4xx_hal_msp.c ****   }
 114:Core/Src/stm32f4xx_hal_msp.c **** 
 115:Core/Src/stm32f4xx_hal_msp.c **** }
 180              		.loc 1 115 1
 181 0072 00BF     		nop
 182 0074 2837     		adds	r7, r7, #40
 183              	.LCFI9:
 184              		.cfi_def_cfa_offset 8
 185 0076 BD46     		mov	sp, r7
 186              	.LCFI10:
 187              		.cfi_def_cfa_register 13
 188              		@ sp needed
 189 0078 80BD     		pop	{r7, pc}
 190              	.L8:
 191 007a 00BF     		.align	2
 192              	.L7:
 193 007c 00200140 		.word	1073815552
 194 0080 00380240 		.word	1073887232
 195 0084 00000240 		.word	1073872896
 196              		.cfi_endproc
 197              	.LFE221:
 199              		.section	.text.HAL_ADC_MspDeInit,"ax",%progbits
 200              		.align	1
 201              		.global	HAL_ADC_MspDeInit
 202              		.syntax unified
 203              		.thumb
 204              		.thumb_func
 206              	HAL_ADC_MspDeInit:
 207              	.LFB222:
 116:Core/Src/stm32f4xx_hal_msp.c **** 
 117:Core/Src/stm32f4xx_hal_msp.c **** /**
 118:Core/Src/stm32f4xx_hal_msp.c **** * @brief ADC MSP De-Initialization
 119:Core/Src/stm32f4xx_hal_msp.c **** * This function freeze the hardware resources used in this example
 120:Core/Src/stm32f4xx_hal_msp.c **** * @param hadc: ADC handle pointer
 121:Core/Src/stm32f4xx_hal_msp.c **** * @retval None
 122:Core/Src/stm32f4xx_hal_msp.c **** */
 123:Core/Src/stm32f4xx_hal_msp.c **** void HAL_ADC_MspDeInit(ADC_HandleTypeDef* hadc)
 124:Core/Src/stm32f4xx_hal_msp.c **** {
 208              		.loc 1 124 1
 209              		.cfi_startproc
 210              		@ args = 0, pretend = 0, frame = 8
 211              		@ frame_needed = 1, uses_anonymous_args = 0
 212 0000 80B5     		push	{r7, lr}
 213              	.LCFI11:
 214              		.cfi_def_cfa_offset 8
 215              		.cfi_offset 7, -8
 216              		.cfi_offset 14, -4
 217 0002 82B0     		sub	sp, sp, #8
 218              	.LCFI12:
 219              		.cfi_def_cfa_offset 16
 220 0004 00AF     		add	r7, sp, #0
 221              	.LCFI13:
 222              		.cfi_def_cfa_register 7
 223 0006 7860     		str	r0, [r7, #4]
ARM GAS  C:\Users\natal\AppData\Local\Temp\cc30AEKh.s 			page 7


 125:Core/Src/stm32f4xx_hal_msp.c ****   if(hadc->Instance==ADC1)
 224              		.loc 1 125 10
 225 0008 7B68     		ldr	r3, [r7, #4]
 226 000a 1B68     		ldr	r3, [r3]
 227              		.loc 1 125 5
 228 000c 084A     		ldr	r2, .L12
 229 000e 9342     		cmp	r3, r2
 230 0010 09D1     		bne	.L11
 126:Core/Src/stm32f4xx_hal_msp.c ****   {
 127:Core/Src/stm32f4xx_hal_msp.c ****   /* USER CODE BEGIN ADC1_MspDeInit 0 */
 128:Core/Src/stm32f4xx_hal_msp.c **** 
 129:Core/Src/stm32f4xx_hal_msp.c ****   /* USER CODE END ADC1_MspDeInit 0 */
 130:Core/Src/stm32f4xx_hal_msp.c ****     /* Peripheral clock disable */
 131:Core/Src/stm32f4xx_hal_msp.c ****     __HAL_RCC_ADC1_CLK_DISABLE();
 231              		.loc 1 131 5
 232 0012 084B     		ldr	r3, .L12+4
 233 0014 5B6C     		ldr	r3, [r3, #68]
 234 0016 074A     		ldr	r2, .L12+4
 235 0018 23F48073 		bic	r3, r3, #256
 236 001c 5364     		str	r3, [r2, #68]
 132:Core/Src/stm32f4xx_hal_msp.c **** 
 133:Core/Src/stm32f4xx_hal_msp.c ****     /**ADC1 GPIO Configuration
 134:Core/Src/stm32f4xx_hal_msp.c ****     PA0-WKUP     ------> ADC1_IN0
 135:Core/Src/stm32f4xx_hal_msp.c ****     */
 136:Core/Src/stm32f4xx_hal_msp.c ****     HAL_GPIO_DeInit(GPIOA, GPIO_PIN_0);
 237              		.loc 1 136 5
 238 001e 0121     		movs	r1, #1
 239 0020 0548     		ldr	r0, .L12+8
 240 0022 FFF7FEFF 		bl	HAL_GPIO_DeInit
 241              	.L11:
 137:Core/Src/stm32f4xx_hal_msp.c **** 
 138:Core/Src/stm32f4xx_hal_msp.c ****   /* USER CODE BEGIN ADC1_MspDeInit 1 */
 139:Core/Src/stm32f4xx_hal_msp.c **** 
 140:Core/Src/stm32f4xx_hal_msp.c ****   /* USER CODE END ADC1_MspDeInit 1 */
 141:Core/Src/stm32f4xx_hal_msp.c ****   }
 142:Core/Src/stm32f4xx_hal_msp.c **** 
 143:Core/Src/stm32f4xx_hal_msp.c **** }
 242              		.loc 1 143 1
 243 0026 00BF     		nop
 244 0028 0837     		adds	r7, r7, #8
 245              	.LCFI14:
 246              		.cfi_def_cfa_offset 8
 247 002a BD46     		mov	sp, r7
 248              	.LCFI15:
 249              		.cfi_def_cfa_register 13
 250              		@ sp needed
 251 002c 80BD     		pop	{r7, pc}
 252              	.L13:
 253 002e 00BF     		.align	2
 254              	.L12:
 255 0030 00200140 		.word	1073815552
 256 0034 00380240 		.word	1073887232
 257 0038 00000240 		.word	1073872896
 258              		.cfi_endproc
 259              	.LFE222:
 261              		.section	.text.HAL_TIM_PWM_MspInit,"ax",%progbits
 262              		.align	1
ARM GAS  C:\Users\natal\AppData\Local\Temp\cc30AEKh.s 			page 8


 263              		.global	HAL_TIM_PWM_MspInit
 264              		.syntax unified
 265              		.thumb
 266              		.thumb_func
 268              	HAL_TIM_PWM_MspInit:
 269              	.LFB223:
 144:Core/Src/stm32f4xx_hal_msp.c **** 
 145:Core/Src/stm32f4xx_hal_msp.c **** /**
 146:Core/Src/stm32f4xx_hal_msp.c **** * @brief TIM_PWM MSP Initialization
 147:Core/Src/stm32f4xx_hal_msp.c **** * This function configures the hardware resources used in this example
 148:Core/Src/stm32f4xx_hal_msp.c **** * @param htim_pwm: TIM_PWM handle pointer
 149:Core/Src/stm32f4xx_hal_msp.c **** * @retval None
 150:Core/Src/stm32f4xx_hal_msp.c **** */
 151:Core/Src/stm32f4xx_hal_msp.c **** void HAL_TIM_PWM_MspInit(TIM_HandleTypeDef* htim_pwm)
 152:Core/Src/stm32f4xx_hal_msp.c **** {
 270              		.loc 1 152 1
 271              		.cfi_startproc
 272              		@ args = 0, pretend = 0, frame = 16
 273              		@ frame_needed = 1, uses_anonymous_args = 0
 274              		@ link register save eliminated.
 275 0000 80B4     		push	{r7}
 276              	.LCFI16:
 277              		.cfi_def_cfa_offset 4
 278              		.cfi_offset 7, -4
 279 0002 85B0     		sub	sp, sp, #20
 280              	.LCFI17:
 281              		.cfi_def_cfa_offset 24
 282 0004 00AF     		add	r7, sp, #0
 283              	.LCFI18:
 284              		.cfi_def_cfa_register 7
 285 0006 7860     		str	r0, [r7, #4]
 153:Core/Src/stm32f4xx_hal_msp.c ****   if(htim_pwm->Instance==TIM3)
 286              		.loc 1 153 14
 287 0008 7B68     		ldr	r3, [r7, #4]
 288 000a 1B68     		ldr	r3, [r3]
 289              		.loc 1 153 5
 290 000c 0B4A     		ldr	r2, .L17
 291 000e 9342     		cmp	r3, r2
 292 0010 0DD1     		bne	.L16
 293              	.LBB6:
 154:Core/Src/stm32f4xx_hal_msp.c ****   {
 155:Core/Src/stm32f4xx_hal_msp.c ****   /* USER CODE BEGIN TIM3_MspInit 0 */
 156:Core/Src/stm32f4xx_hal_msp.c **** 
 157:Core/Src/stm32f4xx_hal_msp.c ****   /* USER CODE END TIM3_MspInit 0 */
 158:Core/Src/stm32f4xx_hal_msp.c ****     /* Peripheral clock enable */
 159:Core/Src/stm32f4xx_hal_msp.c ****     __HAL_RCC_TIM3_CLK_ENABLE();
 294              		.loc 1 159 5
 295 0012 0023     		movs	r3, #0
 296 0014 FB60     		str	r3, [r7, #12]
 297 0016 0A4B     		ldr	r3, .L17+4
 298 0018 1B6C     		ldr	r3, [r3, #64]
 299 001a 094A     		ldr	r2, .L17+4
 300 001c 43F00203 		orr	r3, r3, #2
 301 0020 1364     		str	r3, [r2, #64]
 302 0022 074B     		ldr	r3, .L17+4
 303 0024 1B6C     		ldr	r3, [r3, #64]
 304 0026 03F00203 		and	r3, r3, #2
ARM GAS  C:\Users\natal\AppData\Local\Temp\cc30AEKh.s 			page 9


 305 002a FB60     		str	r3, [r7, #12]
 306 002c FB68     		ldr	r3, [r7, #12]
 307              	.L16:
 308              	.LBE6:
 160:Core/Src/stm32f4xx_hal_msp.c ****   /* USER CODE BEGIN TIM3_MspInit 1 */
 161:Core/Src/stm32f4xx_hal_msp.c **** 
 162:Core/Src/stm32f4xx_hal_msp.c ****   /* USER CODE END TIM3_MspInit 1 */
 163:Core/Src/stm32f4xx_hal_msp.c **** 
 164:Core/Src/stm32f4xx_hal_msp.c ****   }
 165:Core/Src/stm32f4xx_hal_msp.c **** 
 166:Core/Src/stm32f4xx_hal_msp.c **** }
 309              		.loc 1 166 1
 310 002e 00BF     		nop
 311 0030 1437     		adds	r7, r7, #20
 312              	.LCFI19:
 313              		.cfi_def_cfa_offset 4
 314 0032 BD46     		mov	sp, r7
 315              	.LCFI20:
 316              		.cfi_def_cfa_register 13
 317              		@ sp needed
 318 0034 5DF8047B 		ldr	r7, [sp], #4
 319              	.LCFI21:
 320              		.cfi_restore 7
 321              		.cfi_def_cfa_offset 0
 322 0038 7047     		bx	lr
 323              	.L18:
 324 003a 00BF     		.align	2
 325              	.L17:
 326 003c 00040040 		.word	1073742848
 327 0040 00380240 		.word	1073887232
 328              		.cfi_endproc
 329              	.LFE223:
 331              		.section	.text.HAL_TIM_Base_MspInit,"ax",%progbits
 332              		.align	1
 333              		.global	HAL_TIM_Base_MspInit
 334              		.syntax unified
 335              		.thumb
 336              		.thumb_func
 338              	HAL_TIM_Base_MspInit:
 339              	.LFB224:
 167:Core/Src/stm32f4xx_hal_msp.c **** 
 168:Core/Src/stm32f4xx_hal_msp.c **** /**
 169:Core/Src/stm32f4xx_hal_msp.c **** * @brief TIM_Base MSP Initialization
 170:Core/Src/stm32f4xx_hal_msp.c **** * This function configures the hardware resources used in this example
 171:Core/Src/stm32f4xx_hal_msp.c **** * @param htim_base: TIM_Base handle pointer
 172:Core/Src/stm32f4xx_hal_msp.c **** * @retval None
 173:Core/Src/stm32f4xx_hal_msp.c **** */
 174:Core/Src/stm32f4xx_hal_msp.c **** void HAL_TIM_Base_MspInit(TIM_HandleTypeDef* htim_base)
 175:Core/Src/stm32f4xx_hal_msp.c **** {
 340              		.loc 1 175 1
 341              		.cfi_startproc
 342              		@ args = 0, pretend = 0, frame = 16
 343              		@ frame_needed = 1, uses_anonymous_args = 0
 344 0000 80B5     		push	{r7, lr}
 345              	.LCFI22:
 346              		.cfi_def_cfa_offset 8
 347              		.cfi_offset 7, -8
ARM GAS  C:\Users\natal\AppData\Local\Temp\cc30AEKh.s 			page 10


 348              		.cfi_offset 14, -4
 349 0002 84B0     		sub	sp, sp, #16
 350              	.LCFI23:
 351              		.cfi_def_cfa_offset 24
 352 0004 00AF     		add	r7, sp, #0
 353              	.LCFI24:
 354              		.cfi_def_cfa_register 7
 355 0006 7860     		str	r0, [r7, #4]
 176:Core/Src/stm32f4xx_hal_msp.c ****   if(htim_base->Instance==TIM4)
 356              		.loc 1 176 15
 357 0008 7B68     		ldr	r3, [r7, #4]
 358 000a 1B68     		ldr	r3, [r3]
 359              		.loc 1 176 5
 360 000c 0E4A     		ldr	r2, .L22
 361 000e 9342     		cmp	r3, r2
 362 0010 15D1     		bne	.L21
 363              	.LBB7:
 177:Core/Src/stm32f4xx_hal_msp.c ****   {
 178:Core/Src/stm32f4xx_hal_msp.c ****   /* USER CODE BEGIN TIM4_MspInit 0 */
 179:Core/Src/stm32f4xx_hal_msp.c **** 
 180:Core/Src/stm32f4xx_hal_msp.c ****   /* USER CODE END TIM4_MspInit 0 */
 181:Core/Src/stm32f4xx_hal_msp.c ****     /* Peripheral clock enable */
 182:Core/Src/stm32f4xx_hal_msp.c ****     __HAL_RCC_TIM4_CLK_ENABLE();
 364              		.loc 1 182 5
 365 0012 0023     		movs	r3, #0
 366 0014 FB60     		str	r3, [r7, #12]
 367 0016 0D4B     		ldr	r3, .L22+4
 368 0018 1B6C     		ldr	r3, [r3, #64]
 369 001a 0C4A     		ldr	r2, .L22+4
 370 001c 43F00403 		orr	r3, r3, #4
 371 0020 1364     		str	r3, [r2, #64]
 372 0022 0A4B     		ldr	r3, .L22+4
 373 0024 1B6C     		ldr	r3, [r3, #64]
 374 0026 03F00403 		and	r3, r3, #4
 375 002a FB60     		str	r3, [r7, #12]
 376 002c FB68     		ldr	r3, [r7, #12]
 377              	.LBE7:
 183:Core/Src/stm32f4xx_hal_msp.c ****     /* TIM4 interrupt Init */
 184:Core/Src/stm32f4xx_hal_msp.c ****     HAL_NVIC_SetPriority(TIM4_IRQn, 0, 0);
 378              		.loc 1 184 5
 379 002e 0022     		movs	r2, #0
 380 0030 0021     		movs	r1, #0
 381 0032 1E20     		movs	r0, #30
 382 0034 FFF7FEFF 		bl	HAL_NVIC_SetPriority
 185:Core/Src/stm32f4xx_hal_msp.c ****     HAL_NVIC_EnableIRQ(TIM4_IRQn);
 383              		.loc 1 185 5
 384 0038 1E20     		movs	r0, #30
 385 003a FFF7FEFF 		bl	HAL_NVIC_EnableIRQ
 386              	.L21:
 186:Core/Src/stm32f4xx_hal_msp.c ****   /* USER CODE BEGIN TIM4_MspInit 1 */
 187:Core/Src/stm32f4xx_hal_msp.c **** 
 188:Core/Src/stm32f4xx_hal_msp.c ****   /* USER CODE END TIM4_MspInit 1 */
 189:Core/Src/stm32f4xx_hal_msp.c **** 
 190:Core/Src/stm32f4xx_hal_msp.c ****   }
 191:Core/Src/stm32f4xx_hal_msp.c **** 
 192:Core/Src/stm32f4xx_hal_msp.c **** }
 387              		.loc 1 192 1
ARM GAS  C:\Users\natal\AppData\Local\Temp\cc30AEKh.s 			page 11


 388 003e 00BF     		nop
 389 0040 1037     		adds	r7, r7, #16
 390              	.LCFI25:
 391              		.cfi_def_cfa_offset 8
 392 0042 BD46     		mov	sp, r7
 393              	.LCFI26:
 394              		.cfi_def_cfa_register 13
 395              		@ sp needed
 396 0044 80BD     		pop	{r7, pc}
 397              	.L23:
 398 0046 00BF     		.align	2
 399              	.L22:
 400 0048 00080040 		.word	1073743872
 401 004c 00380240 		.word	1073887232
 402              		.cfi_endproc
 403              	.LFE224:
 405              		.section	.text.HAL_TIM_MspPostInit,"ax",%progbits
 406              		.align	1
 407              		.global	HAL_TIM_MspPostInit
 408              		.syntax unified
 409              		.thumb
 410              		.thumb_func
 412              	HAL_TIM_MspPostInit:
 413              	.LFB225:
 193:Core/Src/stm32f4xx_hal_msp.c **** 
 194:Core/Src/stm32f4xx_hal_msp.c **** void HAL_TIM_MspPostInit(TIM_HandleTypeDef* htim)
 195:Core/Src/stm32f4xx_hal_msp.c **** {
 414              		.loc 1 195 1
 415              		.cfi_startproc
 416              		@ args = 0, pretend = 0, frame = 32
 417              		@ frame_needed = 1, uses_anonymous_args = 0
 418 0000 80B5     		push	{r7, lr}
 419              	.LCFI27:
 420              		.cfi_def_cfa_offset 8
 421              		.cfi_offset 7, -8
 422              		.cfi_offset 14, -4
 423 0002 88B0     		sub	sp, sp, #32
 424              	.LCFI28:
 425              		.cfi_def_cfa_offset 40
 426 0004 00AF     		add	r7, sp, #0
 427              	.LCFI29:
 428              		.cfi_def_cfa_register 7
 429 0006 7860     		str	r0, [r7, #4]
 196:Core/Src/stm32f4xx_hal_msp.c ****   GPIO_InitTypeDef GPIO_InitStruct = {0};
 430              		.loc 1 196 20
 431 0008 07F10C03 		add	r3, r7, #12
 432 000c 0022     		movs	r2, #0
 433 000e 1A60     		str	r2, [r3]
 434 0010 5A60     		str	r2, [r3, #4]
 435 0012 9A60     		str	r2, [r3, #8]
 436 0014 DA60     		str	r2, [r3, #12]
 437 0016 1A61     		str	r2, [r3, #16]
 197:Core/Src/stm32f4xx_hal_msp.c ****   if(htim->Instance==TIM3)
 438              		.loc 1 197 10
 439 0018 7B68     		ldr	r3, [r7, #4]
 440 001a 1B68     		ldr	r3, [r3]
 441              		.loc 1 197 5
ARM GAS  C:\Users\natal\AppData\Local\Temp\cc30AEKh.s 			page 12


 442 001c 124A     		ldr	r2, .L27
 443 001e 9342     		cmp	r3, r2
 444 0020 1DD1     		bne	.L26
 445              	.LBB8:
 198:Core/Src/stm32f4xx_hal_msp.c ****   {
 199:Core/Src/stm32f4xx_hal_msp.c ****   /* USER CODE BEGIN TIM3_MspPostInit 0 */
 200:Core/Src/stm32f4xx_hal_msp.c **** 
 201:Core/Src/stm32f4xx_hal_msp.c ****   /* USER CODE END TIM3_MspPostInit 0 */
 202:Core/Src/stm32f4xx_hal_msp.c **** 
 203:Core/Src/stm32f4xx_hal_msp.c ****     __HAL_RCC_GPIOB_CLK_ENABLE();
 446              		.loc 1 203 5
 447 0022 0023     		movs	r3, #0
 448 0024 BB60     		str	r3, [r7, #8]
 449 0026 114B     		ldr	r3, .L27+4
 450 0028 1B6B     		ldr	r3, [r3, #48]
 451 002a 104A     		ldr	r2, .L27+4
 452 002c 43F00203 		orr	r3, r3, #2
 453 0030 1363     		str	r3, [r2, #48]
 454 0032 0E4B     		ldr	r3, .L27+4
 455 0034 1B6B     		ldr	r3, [r3, #48]
 456 0036 03F00203 		and	r3, r3, #2
 457 003a BB60     		str	r3, [r7, #8]
 458 003c BB68     		ldr	r3, [r7, #8]
 459              	.LBE8:
 204:Core/Src/stm32f4xx_hal_msp.c ****     /**TIM3 GPIO Configuration
 205:Core/Src/stm32f4xx_hal_msp.c ****     PB4     ------> TIM3_CH1
 206:Core/Src/stm32f4xx_hal_msp.c ****     */
 207:Core/Src/stm32f4xx_hal_msp.c ****     GPIO_InitStruct.Pin = GPIO_PIN_4;
 460              		.loc 1 207 25
 461 003e 1023     		movs	r3, #16
 462 0040 FB60     		str	r3, [r7, #12]
 208:Core/Src/stm32f4xx_hal_msp.c ****     GPIO_InitStruct.Mode = GPIO_MODE_AF_PP;
 463              		.loc 1 208 26
 464 0042 0223     		movs	r3, #2
 465 0044 3B61     		str	r3, [r7, #16]
 209:Core/Src/stm32f4xx_hal_msp.c ****     GPIO_InitStruct.Pull = GPIO_NOPULL;
 466              		.loc 1 209 26
 467 0046 0023     		movs	r3, #0
 468 0048 7B61     		str	r3, [r7, #20]
 210:Core/Src/stm32f4xx_hal_msp.c ****     GPIO_InitStruct.Speed = GPIO_SPEED_FREQ_LOW;
 469              		.loc 1 210 27
 470 004a 0023     		movs	r3, #0
 471 004c BB61     		str	r3, [r7, #24]
 211:Core/Src/stm32f4xx_hal_msp.c ****     GPIO_InitStruct.Alternate = GPIO_AF2_TIM3;
 472              		.loc 1 211 31
 473 004e 0223     		movs	r3, #2
 474 0050 FB61     		str	r3, [r7, #28]
 212:Core/Src/stm32f4xx_hal_msp.c ****     HAL_GPIO_Init(GPIOB, &GPIO_InitStruct);
 475              		.loc 1 212 5
 476 0052 07F10C03 		add	r3, r7, #12
 477 0056 1946     		mov	r1, r3
 478 0058 0548     		ldr	r0, .L27+8
 479 005a FFF7FEFF 		bl	HAL_GPIO_Init
 480              	.L26:
 213:Core/Src/stm32f4xx_hal_msp.c **** 
 214:Core/Src/stm32f4xx_hal_msp.c ****   /* USER CODE BEGIN TIM3_MspPostInit 1 */
 215:Core/Src/stm32f4xx_hal_msp.c **** 
ARM GAS  C:\Users\natal\AppData\Local\Temp\cc30AEKh.s 			page 13


 216:Core/Src/stm32f4xx_hal_msp.c ****   /* USER CODE END TIM3_MspPostInit 1 */
 217:Core/Src/stm32f4xx_hal_msp.c ****   }
 218:Core/Src/stm32f4xx_hal_msp.c **** 
 219:Core/Src/stm32f4xx_hal_msp.c **** }
 481              		.loc 1 219 1
 482 005e 00BF     		nop
 483 0060 2037     		adds	r7, r7, #32
 484              	.LCFI30:
 485              		.cfi_def_cfa_offset 8
 486 0062 BD46     		mov	sp, r7
 487              	.LCFI31:
 488              		.cfi_def_cfa_register 13
 489              		@ sp needed
 490 0064 80BD     		pop	{r7, pc}
 491              	.L28:
 492 0066 00BF     		.align	2
 493              	.L27:
 494 0068 00040040 		.word	1073742848
 495 006c 00380240 		.word	1073887232
 496 0070 00040240 		.word	1073873920
 497              		.cfi_endproc
 498              	.LFE225:
 500              		.section	.text.HAL_TIM_PWM_MspDeInit,"ax",%progbits
 501              		.align	1
 502              		.global	HAL_TIM_PWM_MspDeInit
 503              		.syntax unified
 504              		.thumb
 505              		.thumb_func
 507              	HAL_TIM_PWM_MspDeInit:
 508              	.LFB226:
 220:Core/Src/stm32f4xx_hal_msp.c **** /**
 221:Core/Src/stm32f4xx_hal_msp.c **** * @brief TIM_PWM MSP De-Initialization
 222:Core/Src/stm32f4xx_hal_msp.c **** * This function freeze the hardware resources used in this example
 223:Core/Src/stm32f4xx_hal_msp.c **** * @param htim_pwm: TIM_PWM handle pointer
 224:Core/Src/stm32f4xx_hal_msp.c **** * @retval None
 225:Core/Src/stm32f4xx_hal_msp.c **** */
 226:Core/Src/stm32f4xx_hal_msp.c **** void HAL_TIM_PWM_MspDeInit(TIM_HandleTypeDef* htim_pwm)
 227:Core/Src/stm32f4xx_hal_msp.c **** {
 509              		.loc 1 227 1
 510              		.cfi_startproc
 511              		@ args = 0, pretend = 0, frame = 8
 512              		@ frame_needed = 1, uses_anonymous_args = 0
 513              		@ link register save eliminated.
 514 0000 80B4     		push	{r7}
 515              	.LCFI32:
 516              		.cfi_def_cfa_offset 4
 517              		.cfi_offset 7, -4
 518 0002 83B0     		sub	sp, sp, #12
 519              	.LCFI33:
 520              		.cfi_def_cfa_offset 16
 521 0004 00AF     		add	r7, sp, #0
 522              	.LCFI34:
 523              		.cfi_def_cfa_register 7
 524 0006 7860     		str	r0, [r7, #4]
 228:Core/Src/stm32f4xx_hal_msp.c ****   if(htim_pwm->Instance==TIM3)
 525              		.loc 1 228 14
 526 0008 7B68     		ldr	r3, [r7, #4]
ARM GAS  C:\Users\natal\AppData\Local\Temp\cc30AEKh.s 			page 14


 527 000a 1B68     		ldr	r3, [r3]
 528              		.loc 1 228 5
 529 000c 074A     		ldr	r2, .L32
 530 000e 9342     		cmp	r3, r2
 531 0010 05D1     		bne	.L31
 229:Core/Src/stm32f4xx_hal_msp.c ****   {
 230:Core/Src/stm32f4xx_hal_msp.c ****   /* USER CODE BEGIN TIM3_MspDeInit 0 */
 231:Core/Src/stm32f4xx_hal_msp.c **** 
 232:Core/Src/stm32f4xx_hal_msp.c ****   /* USER CODE END TIM3_MspDeInit 0 */
 233:Core/Src/stm32f4xx_hal_msp.c ****     /* Peripheral clock disable */
 234:Core/Src/stm32f4xx_hal_msp.c ****     __HAL_RCC_TIM3_CLK_DISABLE();
 532              		.loc 1 234 5
 533 0012 074B     		ldr	r3, .L32+4
 534 0014 1B6C     		ldr	r3, [r3, #64]
 535 0016 064A     		ldr	r2, .L32+4
 536 0018 23F00203 		bic	r3, r3, #2
 537 001c 1364     		str	r3, [r2, #64]
 538              	.L31:
 235:Core/Src/stm32f4xx_hal_msp.c ****   /* USER CODE BEGIN TIM3_MspDeInit 1 */
 236:Core/Src/stm32f4xx_hal_msp.c **** 
 237:Core/Src/stm32f4xx_hal_msp.c ****   /* USER CODE END TIM3_MspDeInit 1 */
 238:Core/Src/stm32f4xx_hal_msp.c ****   }
 239:Core/Src/stm32f4xx_hal_msp.c **** 
 240:Core/Src/stm32f4xx_hal_msp.c **** }
 539              		.loc 1 240 1
 540 001e 00BF     		nop
 541 0020 0C37     		adds	r7, r7, #12
 542              	.LCFI35:
 543              		.cfi_def_cfa_offset 4
 544 0022 BD46     		mov	sp, r7
 545              	.LCFI36:
 546              		.cfi_def_cfa_register 13
 547              		@ sp needed
 548 0024 5DF8047B 		ldr	r7, [sp], #4
 549              	.LCFI37:
 550              		.cfi_restore 7
 551              		.cfi_def_cfa_offset 0
 552 0028 7047     		bx	lr
 553              	.L33:
 554 002a 00BF     		.align	2
 555              	.L32:
 556 002c 00040040 		.word	1073742848
 557 0030 00380240 		.word	1073887232
 558              		.cfi_endproc
 559              	.LFE226:
 561              		.section	.text.HAL_TIM_Base_MspDeInit,"ax",%progbits
 562              		.align	1
 563              		.global	HAL_TIM_Base_MspDeInit
 564              		.syntax unified
 565              		.thumb
 566              		.thumb_func
 568              	HAL_TIM_Base_MspDeInit:
 569              	.LFB227:
 241:Core/Src/stm32f4xx_hal_msp.c **** 
 242:Core/Src/stm32f4xx_hal_msp.c **** /**
 243:Core/Src/stm32f4xx_hal_msp.c **** * @brief TIM_Base MSP De-Initialization
 244:Core/Src/stm32f4xx_hal_msp.c **** * This function freeze the hardware resources used in this example
ARM GAS  C:\Users\natal\AppData\Local\Temp\cc30AEKh.s 			page 15


 245:Core/Src/stm32f4xx_hal_msp.c **** * @param htim_base: TIM_Base handle pointer
 246:Core/Src/stm32f4xx_hal_msp.c **** * @retval None
 247:Core/Src/stm32f4xx_hal_msp.c **** */
 248:Core/Src/stm32f4xx_hal_msp.c **** void HAL_TIM_Base_MspDeInit(TIM_HandleTypeDef* htim_base)
 249:Core/Src/stm32f4xx_hal_msp.c **** {
 570              		.loc 1 249 1
 571              		.cfi_startproc
 572              		@ args = 0, pretend = 0, frame = 8
 573              		@ frame_needed = 1, uses_anonymous_args = 0
 574 0000 80B5     		push	{r7, lr}
 575              	.LCFI38:
 576              		.cfi_def_cfa_offset 8
 577              		.cfi_offset 7, -8
 578              		.cfi_offset 14, -4
 579 0002 82B0     		sub	sp, sp, #8
 580              	.LCFI39:
 581              		.cfi_def_cfa_offset 16
 582 0004 00AF     		add	r7, sp, #0
 583              	.LCFI40:
 584              		.cfi_def_cfa_register 7
 585 0006 7860     		str	r0, [r7, #4]
 250:Core/Src/stm32f4xx_hal_msp.c ****   if(htim_base->Instance==TIM4)
 586              		.loc 1 250 15
 587 0008 7B68     		ldr	r3, [r7, #4]
 588 000a 1B68     		ldr	r3, [r3]
 589              		.loc 1 250 5
 590 000c 074A     		ldr	r2, .L37
 591 000e 9342     		cmp	r3, r2
 592 0010 08D1     		bne	.L36
 251:Core/Src/stm32f4xx_hal_msp.c ****   {
 252:Core/Src/stm32f4xx_hal_msp.c ****   /* USER CODE BEGIN TIM4_MspDeInit 0 */
 253:Core/Src/stm32f4xx_hal_msp.c **** 
 254:Core/Src/stm32f4xx_hal_msp.c ****   /* USER CODE END TIM4_MspDeInit 0 */
 255:Core/Src/stm32f4xx_hal_msp.c ****     /* Peripheral clock disable */
 256:Core/Src/stm32f4xx_hal_msp.c ****     __HAL_RCC_TIM4_CLK_DISABLE();
 593              		.loc 1 256 5
 594 0012 074B     		ldr	r3, .L37+4
 595 0014 1B6C     		ldr	r3, [r3, #64]
 596 0016 064A     		ldr	r2, .L37+4
 597 0018 23F00403 		bic	r3, r3, #4
 598 001c 1364     		str	r3, [r2, #64]
 257:Core/Src/stm32f4xx_hal_msp.c **** 
 258:Core/Src/stm32f4xx_hal_msp.c ****     /* TIM4 interrupt DeInit */
 259:Core/Src/stm32f4xx_hal_msp.c ****     HAL_NVIC_DisableIRQ(TIM4_IRQn);
 599              		.loc 1 259 5
 600 001e 1E20     		movs	r0, #30
 601 0020 FFF7FEFF 		bl	HAL_NVIC_DisableIRQ
 602              	.L36:
 260:Core/Src/stm32f4xx_hal_msp.c ****   /* USER CODE BEGIN TIM4_MspDeInit 1 */
 261:Core/Src/stm32f4xx_hal_msp.c **** 
 262:Core/Src/stm32f4xx_hal_msp.c ****   /* USER CODE END TIM4_MspDeInit 1 */
 263:Core/Src/stm32f4xx_hal_msp.c ****   }
 264:Core/Src/stm32f4xx_hal_msp.c **** 
 265:Core/Src/stm32f4xx_hal_msp.c **** }
 603              		.loc 1 265 1
 604 0024 00BF     		nop
 605 0026 0837     		adds	r7, r7, #8
ARM GAS  C:\Users\natal\AppData\Local\Temp\cc30AEKh.s 			page 16


 606              	.LCFI41:
 607              		.cfi_def_cfa_offset 8
 608 0028 BD46     		mov	sp, r7
 609              	.LCFI42:
 610              		.cfi_def_cfa_register 13
 611              		@ sp needed
 612 002a 80BD     		pop	{r7, pc}
 613              	.L38:
 614              		.align	2
 615              	.L37:
 616 002c 00080040 		.word	1073743872
 617 0030 00380240 		.word	1073887232
 618              		.cfi_endproc
 619              	.LFE227:
 621              		.text
 622              	.Letext0:
 623              		.file 2 "Drivers/CMSIS/Device/ST/STM32F4xx/Include/stm32f411xe.h"
 624              		.file 3 "c:\\arm-gcc\\tools\\tools\\arm-gnu-toolchain-11.3.rel1-mingw-w64-i686-arm-none-eabi\\arm-
 625              		.file 4 "c:\\arm-gcc\\tools\\tools\\arm-gnu-toolchain-11.3.rel1-mingw-w64-i686-arm-none-eabi\\arm-
 626              		.file 5 "Drivers/CMSIS/Device/ST/STM32F4xx/Include/stm32f4xx.h"
 627              		.file 6 "Drivers/STM32F4xx_HAL_Driver/Inc/stm32f4xx_hal_def.h"
 628              		.file 7 "Drivers/STM32F4xx_HAL_Driver/Inc/stm32f4xx_hal_gpio.h"
 629              		.file 8 "Drivers/STM32F4xx_HAL_Driver/Inc/stm32f4xx_hal_dma.h"
 630              		.file 9 "Drivers/STM32F4xx_HAL_Driver/Inc/stm32f4xx_hal_adc.h"
 631              		.file 10 "Drivers/STM32F4xx_HAL_Driver/Inc/stm32f4xx_hal_tim.h"
 632              		.file 11 "Drivers/STM32F4xx_HAL_Driver/Inc/stm32f4xx_hal_cortex.h"
ARM GAS  C:\Users\natal\AppData\Local\Temp\cc30AEKh.s 			page 17


DEFINED SYMBOLS
                            *ABS*:00000000 stm32f4xx_hal_msp.c
C:\Users\natal\AppData\Local\Temp\cc30AEKh.s:20     .text.HAL_MspInit:00000000 $t
C:\Users\natal\AppData\Local\Temp\cc30AEKh.s:26     .text.HAL_MspInit:00000000 HAL_MspInit
C:\Users\natal\AppData\Local\Temp\cc30AEKh.s:91     .text.HAL_MspInit:0000004c $d
C:\Users\natal\AppData\Local\Temp\cc30AEKh.s:96     .text.HAL_ADC_MspInit:00000000 $t
C:\Users\natal\AppData\Local\Temp\cc30AEKh.s:102    .text.HAL_ADC_MspInit:00000000 HAL_ADC_MspInit
C:\Users\natal\AppData\Local\Temp\cc30AEKh.s:193    .text.HAL_ADC_MspInit:0000007c $d
C:\Users\natal\AppData\Local\Temp\cc30AEKh.s:200    .text.HAL_ADC_MspDeInit:00000000 $t
C:\Users\natal\AppData\Local\Temp\cc30AEKh.s:206    .text.HAL_ADC_MspDeInit:00000000 HAL_ADC_MspDeInit
C:\Users\natal\AppData\Local\Temp\cc30AEKh.s:255    .text.HAL_ADC_MspDeInit:00000030 $d
C:\Users\natal\AppData\Local\Temp\cc30AEKh.s:262    .text.HAL_TIM_PWM_MspInit:00000000 $t
C:\Users\natal\AppData\Local\Temp\cc30AEKh.s:268    .text.HAL_TIM_PWM_MspInit:00000000 HAL_TIM_PWM_MspInit
C:\Users\natal\AppData\Local\Temp\cc30AEKh.s:326    .text.HAL_TIM_PWM_MspInit:0000003c $d
C:\Users\natal\AppData\Local\Temp\cc30AEKh.s:332    .text.HAL_TIM_Base_MspInit:00000000 $t
C:\Users\natal\AppData\Local\Temp\cc30AEKh.s:338    .text.HAL_TIM_Base_MspInit:00000000 HAL_TIM_Base_MspInit
C:\Users\natal\AppData\Local\Temp\cc30AEKh.s:400    .text.HAL_TIM_Base_MspInit:00000048 $d
C:\Users\natal\AppData\Local\Temp\cc30AEKh.s:406    .text.HAL_TIM_MspPostInit:00000000 $t
C:\Users\natal\AppData\Local\Temp\cc30AEKh.s:412    .text.HAL_TIM_MspPostInit:00000000 HAL_TIM_MspPostInit
C:\Users\natal\AppData\Local\Temp\cc30AEKh.s:494    .text.HAL_TIM_MspPostInit:00000068 $d
C:\Users\natal\AppData\Local\Temp\cc30AEKh.s:501    .text.HAL_TIM_PWM_MspDeInit:00000000 $t
C:\Users\natal\AppData\Local\Temp\cc30AEKh.s:507    .text.HAL_TIM_PWM_MspDeInit:00000000 HAL_TIM_PWM_MspDeInit
C:\Users\natal\AppData\Local\Temp\cc30AEKh.s:556    .text.HAL_TIM_PWM_MspDeInit:0000002c $d
C:\Users\natal\AppData\Local\Temp\cc30AEKh.s:562    .text.HAL_TIM_Base_MspDeInit:00000000 $t
C:\Users\natal\AppData\Local\Temp\cc30AEKh.s:568    .text.HAL_TIM_Base_MspDeInit:00000000 HAL_TIM_Base_MspDeInit
C:\Users\natal\AppData\Local\Temp\cc30AEKh.s:616    .text.HAL_TIM_Base_MspDeInit:0000002c $d

UNDEFINED SYMBOLS
HAL_GPIO_Init
HAL_GPIO_DeInit
HAL_NVIC_SetPriority
HAL_NVIC_EnableIRQ
HAL_NVIC_DisableIRQ
