ARM GAS  C:\Users\natal\AppData\Local\Temp\ccII1g9k.s 			page 1


   1              		.cpu cortex-m4
   2              		.arch armv7e-m
   3              		.fpu fpv4-sp-d16
   4              		.eabi_attribute 27, 1
   5              		.eabi_attribute 28, 1
   6              		.eabi_attribute 20, 1
   7              		.eabi_attribute 21, 1
   8              		.eabi_attribute 23, 3
   9              		.eabi_attribute 24, 1
  10              		.eabi_attribute 25, 1
  11              		.eabi_attribute 26, 1
  12              		.eabi_attribute 30, 6
  13              		.eabi_attribute 34, 1
  14              		.eabi_attribute 18, 4
  15              		.file	"stm32f4xx_hal_exti.c"
  16              		.text
  17              	.Ltext0:
  18              		.cfi_sections	.debug_frame
  19              		.section	.text.HAL_EXTI_SetConfigLine,"ax",%progbits
  20              		.align	1
  21              		.global	HAL_EXTI_SetConfigLine
  22              		.syntax unified
  23              		.thumb
  24              		.thumb_func
  26              	HAL_EXTI_SetConfigLine:
  27              	.LFB220:
  28              		.file 1 "Drivers/STM32F4xx_HAL_Driver/Src/stm32f4xx_hal_exti.c"
   1:Drivers/STM32F4xx_HAL_Driver/Src/stm32f4xx_hal_exti.c **** /**
   2:Drivers/STM32F4xx_HAL_Driver/Src/stm32f4xx_hal_exti.c ****   ******************************************************************************
   3:Drivers/STM32F4xx_HAL_Driver/Src/stm32f4xx_hal_exti.c ****   * @file    stm32f4xx_hal_exti.c
   4:Drivers/STM32F4xx_HAL_Driver/Src/stm32f4xx_hal_exti.c ****   * @author  MCD Application Team
   5:Drivers/STM32F4xx_HAL_Driver/Src/stm32f4xx_hal_exti.c ****   * @brief   EXTI HAL module driver.
   6:Drivers/STM32F4xx_HAL_Driver/Src/stm32f4xx_hal_exti.c ****   *          This file provides firmware functions to manage the following
   7:Drivers/STM32F4xx_HAL_Driver/Src/stm32f4xx_hal_exti.c ****   *          functionalities of the Extended Interrupts and events controller (EXTI) peripheral:
   8:Drivers/STM32F4xx_HAL_Driver/Src/stm32f4xx_hal_exti.c ****   *           + Initialization and de-initialization functions
   9:Drivers/STM32F4xx_HAL_Driver/Src/stm32f4xx_hal_exti.c ****   *           + IO operation functions
  10:Drivers/STM32F4xx_HAL_Driver/Src/stm32f4xx_hal_exti.c ****   *
  11:Drivers/STM32F4xx_HAL_Driver/Src/stm32f4xx_hal_exti.c ****   ******************************************************************************
  12:Drivers/STM32F4xx_HAL_Driver/Src/stm32f4xx_hal_exti.c ****   * @attention
  13:Drivers/STM32F4xx_HAL_Driver/Src/stm32f4xx_hal_exti.c ****   *
  14:Drivers/STM32F4xx_HAL_Driver/Src/stm32f4xx_hal_exti.c ****   * Copyright (c) 2018 STMicroelectronics.
  15:Drivers/STM32F4xx_HAL_Driver/Src/stm32f4xx_hal_exti.c ****   * All rights reserved.
  16:Drivers/STM32F4xx_HAL_Driver/Src/stm32f4xx_hal_exti.c ****   *
  17:Drivers/STM32F4xx_HAL_Driver/Src/stm32f4xx_hal_exti.c ****   * This software is licensed under terms that can be found in the LICENSE file
  18:Drivers/STM32F4xx_HAL_Driver/Src/stm32f4xx_hal_exti.c ****   * in the root directory of this software component.
  19:Drivers/STM32F4xx_HAL_Driver/Src/stm32f4xx_hal_exti.c ****   * If no LICENSE file comes with this software, it is provided AS-IS.
  20:Drivers/STM32F4xx_HAL_Driver/Src/stm32f4xx_hal_exti.c ****   *
  21:Drivers/STM32F4xx_HAL_Driver/Src/stm32f4xx_hal_exti.c ****   ******************************************************************************
  22:Drivers/STM32F4xx_HAL_Driver/Src/stm32f4xx_hal_exti.c ****   @verbatim
  23:Drivers/STM32F4xx_HAL_Driver/Src/stm32f4xx_hal_exti.c ****   ==============================================================================
  24:Drivers/STM32F4xx_HAL_Driver/Src/stm32f4xx_hal_exti.c ****                     ##### EXTI Peripheral features #####
  25:Drivers/STM32F4xx_HAL_Driver/Src/stm32f4xx_hal_exti.c ****   ==============================================================================
  26:Drivers/STM32F4xx_HAL_Driver/Src/stm32f4xx_hal_exti.c ****   [..]
  27:Drivers/STM32F4xx_HAL_Driver/Src/stm32f4xx_hal_exti.c ****     (+) Each Exti line can be configured within this driver.
  28:Drivers/STM32F4xx_HAL_Driver/Src/stm32f4xx_hal_exti.c **** 
  29:Drivers/STM32F4xx_HAL_Driver/Src/stm32f4xx_hal_exti.c ****     (+) Exti line can be configured in 3 different modes
  30:Drivers/STM32F4xx_HAL_Driver/Src/stm32f4xx_hal_exti.c ****         (++) Interrupt
ARM GAS  C:\Users\natal\AppData\Local\Temp\ccII1g9k.s 			page 2


  31:Drivers/STM32F4xx_HAL_Driver/Src/stm32f4xx_hal_exti.c ****         (++) Event
  32:Drivers/STM32F4xx_HAL_Driver/Src/stm32f4xx_hal_exti.c ****         (++) Both of them
  33:Drivers/STM32F4xx_HAL_Driver/Src/stm32f4xx_hal_exti.c **** 
  34:Drivers/STM32F4xx_HAL_Driver/Src/stm32f4xx_hal_exti.c ****     (+) Configurable Exti lines can be configured with 3 different triggers
  35:Drivers/STM32F4xx_HAL_Driver/Src/stm32f4xx_hal_exti.c ****         (++) Rising
  36:Drivers/STM32F4xx_HAL_Driver/Src/stm32f4xx_hal_exti.c ****         (++) Falling
  37:Drivers/STM32F4xx_HAL_Driver/Src/stm32f4xx_hal_exti.c ****         (++) Both of them
  38:Drivers/STM32F4xx_HAL_Driver/Src/stm32f4xx_hal_exti.c **** 
  39:Drivers/STM32F4xx_HAL_Driver/Src/stm32f4xx_hal_exti.c ****     (+) When set in interrupt mode, configurable Exti lines have two different
  40:Drivers/STM32F4xx_HAL_Driver/Src/stm32f4xx_hal_exti.c ****         interrupts pending registers which allow to distinguish which transition
  41:Drivers/STM32F4xx_HAL_Driver/Src/stm32f4xx_hal_exti.c ****         occurs:
  42:Drivers/STM32F4xx_HAL_Driver/Src/stm32f4xx_hal_exti.c ****         (++) Rising edge pending interrupt
  43:Drivers/STM32F4xx_HAL_Driver/Src/stm32f4xx_hal_exti.c ****         (++) Falling
  44:Drivers/STM32F4xx_HAL_Driver/Src/stm32f4xx_hal_exti.c **** 
  45:Drivers/STM32F4xx_HAL_Driver/Src/stm32f4xx_hal_exti.c ****     (+) Exti lines 0 to 15 are linked to gpio pin number 0 to 15. Gpio port can
  46:Drivers/STM32F4xx_HAL_Driver/Src/stm32f4xx_hal_exti.c ****         be selected through multiplexer.
  47:Drivers/STM32F4xx_HAL_Driver/Src/stm32f4xx_hal_exti.c **** 
  48:Drivers/STM32F4xx_HAL_Driver/Src/stm32f4xx_hal_exti.c ****                      ##### How to use this driver #####
  49:Drivers/STM32F4xx_HAL_Driver/Src/stm32f4xx_hal_exti.c ****   ==============================================================================
  50:Drivers/STM32F4xx_HAL_Driver/Src/stm32f4xx_hal_exti.c ****   [..]
  51:Drivers/STM32F4xx_HAL_Driver/Src/stm32f4xx_hal_exti.c **** 
  52:Drivers/STM32F4xx_HAL_Driver/Src/stm32f4xx_hal_exti.c ****     (#) Configure the EXTI line using HAL_EXTI_SetConfigLine().
  53:Drivers/STM32F4xx_HAL_Driver/Src/stm32f4xx_hal_exti.c ****         (++) Choose the interrupt line number by setting "Line" member from
  54:Drivers/STM32F4xx_HAL_Driver/Src/stm32f4xx_hal_exti.c ****              EXTI_ConfigTypeDef structure.
  55:Drivers/STM32F4xx_HAL_Driver/Src/stm32f4xx_hal_exti.c ****         (++) Configure the interrupt and/or event mode using "Mode" member from
  56:Drivers/STM32F4xx_HAL_Driver/Src/stm32f4xx_hal_exti.c ****              EXTI_ConfigTypeDef structure.
  57:Drivers/STM32F4xx_HAL_Driver/Src/stm32f4xx_hal_exti.c ****         (++) For configurable lines, configure rising and/or falling trigger
  58:Drivers/STM32F4xx_HAL_Driver/Src/stm32f4xx_hal_exti.c ****              "Trigger" member from EXTI_ConfigTypeDef structure.
  59:Drivers/STM32F4xx_HAL_Driver/Src/stm32f4xx_hal_exti.c ****         (++) For Exti lines linked to gpio, choose gpio port using "GPIOSel"
  60:Drivers/STM32F4xx_HAL_Driver/Src/stm32f4xx_hal_exti.c ****              member from GPIO_InitTypeDef structure.
  61:Drivers/STM32F4xx_HAL_Driver/Src/stm32f4xx_hal_exti.c **** 
  62:Drivers/STM32F4xx_HAL_Driver/Src/stm32f4xx_hal_exti.c ****     (#) Get current Exti configuration of a dedicated line using
  63:Drivers/STM32F4xx_HAL_Driver/Src/stm32f4xx_hal_exti.c ****         HAL_EXTI_GetConfigLine().
  64:Drivers/STM32F4xx_HAL_Driver/Src/stm32f4xx_hal_exti.c ****         (++) Provide exiting handle as parameter.
  65:Drivers/STM32F4xx_HAL_Driver/Src/stm32f4xx_hal_exti.c ****         (++) Provide pointer on EXTI_ConfigTypeDef structure as second parameter.
  66:Drivers/STM32F4xx_HAL_Driver/Src/stm32f4xx_hal_exti.c **** 
  67:Drivers/STM32F4xx_HAL_Driver/Src/stm32f4xx_hal_exti.c ****     (#) Clear Exti configuration of a dedicated line using HAL_EXTI_ClearConfigLine().
  68:Drivers/STM32F4xx_HAL_Driver/Src/stm32f4xx_hal_exti.c ****         (++) Provide exiting handle as parameter.
  69:Drivers/STM32F4xx_HAL_Driver/Src/stm32f4xx_hal_exti.c **** 
  70:Drivers/STM32F4xx_HAL_Driver/Src/stm32f4xx_hal_exti.c ****     (#) Register callback to treat Exti interrupts using HAL_EXTI_RegisterCallback().
  71:Drivers/STM32F4xx_HAL_Driver/Src/stm32f4xx_hal_exti.c ****         (++) Provide exiting handle as first parameter.
  72:Drivers/STM32F4xx_HAL_Driver/Src/stm32f4xx_hal_exti.c ****         (++) Provide which callback will be registered using one value from
  73:Drivers/STM32F4xx_HAL_Driver/Src/stm32f4xx_hal_exti.c ****              EXTI_CallbackIDTypeDef.
  74:Drivers/STM32F4xx_HAL_Driver/Src/stm32f4xx_hal_exti.c ****         (++) Provide callback function pointer.
  75:Drivers/STM32F4xx_HAL_Driver/Src/stm32f4xx_hal_exti.c **** 
  76:Drivers/STM32F4xx_HAL_Driver/Src/stm32f4xx_hal_exti.c ****     (#) Get interrupt pending bit using HAL_EXTI_GetPending().
  77:Drivers/STM32F4xx_HAL_Driver/Src/stm32f4xx_hal_exti.c **** 
  78:Drivers/STM32F4xx_HAL_Driver/Src/stm32f4xx_hal_exti.c ****     (#) Clear interrupt pending bit using HAL_EXTI_ClearPending().
  79:Drivers/STM32F4xx_HAL_Driver/Src/stm32f4xx_hal_exti.c **** 
  80:Drivers/STM32F4xx_HAL_Driver/Src/stm32f4xx_hal_exti.c ****     (#) Generate software interrupt using HAL_EXTI_GenerateSWI().
  81:Drivers/STM32F4xx_HAL_Driver/Src/stm32f4xx_hal_exti.c **** 
  82:Drivers/STM32F4xx_HAL_Driver/Src/stm32f4xx_hal_exti.c ****   @endverbatim
  83:Drivers/STM32F4xx_HAL_Driver/Src/stm32f4xx_hal_exti.c ****   */
  84:Drivers/STM32F4xx_HAL_Driver/Src/stm32f4xx_hal_exti.c **** 
  85:Drivers/STM32F4xx_HAL_Driver/Src/stm32f4xx_hal_exti.c **** /* Includes ------------------------------------------------------------------*/
  86:Drivers/STM32F4xx_HAL_Driver/Src/stm32f4xx_hal_exti.c **** #include "stm32f4xx_hal.h"
  87:Drivers/STM32F4xx_HAL_Driver/Src/stm32f4xx_hal_exti.c **** 
ARM GAS  C:\Users\natal\AppData\Local\Temp\ccII1g9k.s 			page 3


  88:Drivers/STM32F4xx_HAL_Driver/Src/stm32f4xx_hal_exti.c **** /** @addtogroup STM32F4xx_HAL_Driver
  89:Drivers/STM32F4xx_HAL_Driver/Src/stm32f4xx_hal_exti.c ****   * @{
  90:Drivers/STM32F4xx_HAL_Driver/Src/stm32f4xx_hal_exti.c ****   */
  91:Drivers/STM32F4xx_HAL_Driver/Src/stm32f4xx_hal_exti.c **** 
  92:Drivers/STM32F4xx_HAL_Driver/Src/stm32f4xx_hal_exti.c **** /** @addtogroup EXTI
  93:Drivers/STM32F4xx_HAL_Driver/Src/stm32f4xx_hal_exti.c ****   * @{
  94:Drivers/STM32F4xx_HAL_Driver/Src/stm32f4xx_hal_exti.c ****   */
  95:Drivers/STM32F4xx_HAL_Driver/Src/stm32f4xx_hal_exti.c **** /** MISRA C:2012 deviation rule has been granted for following rule:
  96:Drivers/STM32F4xx_HAL_Driver/Src/stm32f4xx_hal_exti.c ****   * Rule-18.1_b - Medium: Array `EXTICR' 1st subscript interval [0,7] may be out
  97:Drivers/STM32F4xx_HAL_Driver/Src/stm32f4xx_hal_exti.c ****   * of bounds [0,3] in following API :
  98:Drivers/STM32F4xx_HAL_Driver/Src/stm32f4xx_hal_exti.c ****   * HAL_EXTI_SetConfigLine
  99:Drivers/STM32F4xx_HAL_Driver/Src/stm32f4xx_hal_exti.c ****   * HAL_EXTI_GetConfigLine
 100:Drivers/STM32F4xx_HAL_Driver/Src/stm32f4xx_hal_exti.c ****   * HAL_EXTI_ClearConfigLine
 101:Drivers/STM32F4xx_HAL_Driver/Src/stm32f4xx_hal_exti.c ****   */
 102:Drivers/STM32F4xx_HAL_Driver/Src/stm32f4xx_hal_exti.c **** 
 103:Drivers/STM32F4xx_HAL_Driver/Src/stm32f4xx_hal_exti.c **** #ifdef HAL_EXTI_MODULE_ENABLED
 104:Drivers/STM32F4xx_HAL_Driver/Src/stm32f4xx_hal_exti.c **** 
 105:Drivers/STM32F4xx_HAL_Driver/Src/stm32f4xx_hal_exti.c **** /* Private typedef -----------------------------------------------------------*/
 106:Drivers/STM32F4xx_HAL_Driver/Src/stm32f4xx_hal_exti.c **** /* Private defines -----------------------------------------------------------*/
 107:Drivers/STM32F4xx_HAL_Driver/Src/stm32f4xx_hal_exti.c **** /** @defgroup EXTI_Private_Constants EXTI Private Constants
 108:Drivers/STM32F4xx_HAL_Driver/Src/stm32f4xx_hal_exti.c ****   * @{
 109:Drivers/STM32F4xx_HAL_Driver/Src/stm32f4xx_hal_exti.c ****   */
 110:Drivers/STM32F4xx_HAL_Driver/Src/stm32f4xx_hal_exti.c **** 
 111:Drivers/STM32F4xx_HAL_Driver/Src/stm32f4xx_hal_exti.c **** /**
 112:Drivers/STM32F4xx_HAL_Driver/Src/stm32f4xx_hal_exti.c ****   * @}
 113:Drivers/STM32F4xx_HAL_Driver/Src/stm32f4xx_hal_exti.c ****   */
 114:Drivers/STM32F4xx_HAL_Driver/Src/stm32f4xx_hal_exti.c **** 
 115:Drivers/STM32F4xx_HAL_Driver/Src/stm32f4xx_hal_exti.c **** /* Private macros ------------------------------------------------------------*/
 116:Drivers/STM32F4xx_HAL_Driver/Src/stm32f4xx_hal_exti.c **** /* Private variables ---------------------------------------------------------*/
 117:Drivers/STM32F4xx_HAL_Driver/Src/stm32f4xx_hal_exti.c **** /* Private function prototypes -----------------------------------------------*/
 118:Drivers/STM32F4xx_HAL_Driver/Src/stm32f4xx_hal_exti.c **** /* Exported functions --------------------------------------------------------*/
 119:Drivers/STM32F4xx_HAL_Driver/Src/stm32f4xx_hal_exti.c **** 
 120:Drivers/STM32F4xx_HAL_Driver/Src/stm32f4xx_hal_exti.c **** /** @addtogroup EXTI_Exported_Functions
 121:Drivers/STM32F4xx_HAL_Driver/Src/stm32f4xx_hal_exti.c ****   * @{
 122:Drivers/STM32F4xx_HAL_Driver/Src/stm32f4xx_hal_exti.c ****   */
 123:Drivers/STM32F4xx_HAL_Driver/Src/stm32f4xx_hal_exti.c **** 
 124:Drivers/STM32F4xx_HAL_Driver/Src/stm32f4xx_hal_exti.c **** /** @addtogroup EXTI_Exported_Functions_Group1
 125:Drivers/STM32F4xx_HAL_Driver/Src/stm32f4xx_hal_exti.c ****   *  @brief    Configuration functions
 126:Drivers/STM32F4xx_HAL_Driver/Src/stm32f4xx_hal_exti.c ****   *
 127:Drivers/STM32F4xx_HAL_Driver/Src/stm32f4xx_hal_exti.c **** @verbatim
 128:Drivers/STM32F4xx_HAL_Driver/Src/stm32f4xx_hal_exti.c ****  ===============================================================================
 129:Drivers/STM32F4xx_HAL_Driver/Src/stm32f4xx_hal_exti.c ****               ##### Configuration functions #####
 130:Drivers/STM32F4xx_HAL_Driver/Src/stm32f4xx_hal_exti.c ****  ===============================================================================
 131:Drivers/STM32F4xx_HAL_Driver/Src/stm32f4xx_hal_exti.c **** 
 132:Drivers/STM32F4xx_HAL_Driver/Src/stm32f4xx_hal_exti.c **** @endverbatim
 133:Drivers/STM32F4xx_HAL_Driver/Src/stm32f4xx_hal_exti.c ****   * @{
 134:Drivers/STM32F4xx_HAL_Driver/Src/stm32f4xx_hal_exti.c ****   */
 135:Drivers/STM32F4xx_HAL_Driver/Src/stm32f4xx_hal_exti.c **** 
 136:Drivers/STM32F4xx_HAL_Driver/Src/stm32f4xx_hal_exti.c **** /**
 137:Drivers/STM32F4xx_HAL_Driver/Src/stm32f4xx_hal_exti.c ****   * @brief  Set configuration of a dedicated Exti line.
 138:Drivers/STM32F4xx_HAL_Driver/Src/stm32f4xx_hal_exti.c ****   * @param  hexti Exti handle.
 139:Drivers/STM32F4xx_HAL_Driver/Src/stm32f4xx_hal_exti.c ****   * @param  pExtiConfig Pointer on EXTI configuration to be set.
 140:Drivers/STM32F4xx_HAL_Driver/Src/stm32f4xx_hal_exti.c ****   * @retval HAL Status.
 141:Drivers/STM32F4xx_HAL_Driver/Src/stm32f4xx_hal_exti.c ****   */
 142:Drivers/STM32F4xx_HAL_Driver/Src/stm32f4xx_hal_exti.c **** HAL_StatusTypeDef HAL_EXTI_SetConfigLine(EXTI_HandleTypeDef *hexti, EXTI_ConfigTypeDef *pExtiConfig
 143:Drivers/STM32F4xx_HAL_Driver/Src/stm32f4xx_hal_exti.c **** {
  29              		.loc 1 143 1
ARM GAS  C:\Users\natal\AppData\Local\Temp\ccII1g9k.s 			page 4


  30              		.cfi_startproc
  31              		@ args = 0, pretend = 0, frame = 24
  32              		@ frame_needed = 1, uses_anonymous_args = 0
  33              		@ link register save eliminated.
  34 0000 80B4     		push	{r7}
  35              	.LCFI0:
  36              		.cfi_def_cfa_offset 4
  37              		.cfi_offset 7, -4
  38 0002 87B0     		sub	sp, sp, #28
  39              	.LCFI1:
  40              		.cfi_def_cfa_offset 32
  41 0004 00AF     		add	r7, sp, #0
  42              	.LCFI2:
  43              		.cfi_def_cfa_register 7
  44 0006 7860     		str	r0, [r7, #4]
  45 0008 3960     		str	r1, [r7]
 144:Drivers/STM32F4xx_HAL_Driver/Src/stm32f4xx_hal_exti.c ****   uint32_t regval;
 145:Drivers/STM32F4xx_HAL_Driver/Src/stm32f4xx_hal_exti.c ****   uint32_t linepos;
 146:Drivers/STM32F4xx_HAL_Driver/Src/stm32f4xx_hal_exti.c ****   uint32_t maskline;
 147:Drivers/STM32F4xx_HAL_Driver/Src/stm32f4xx_hal_exti.c **** 
 148:Drivers/STM32F4xx_HAL_Driver/Src/stm32f4xx_hal_exti.c ****   /* Check null pointer */
 149:Drivers/STM32F4xx_HAL_Driver/Src/stm32f4xx_hal_exti.c ****   if ((hexti == NULL) || (pExtiConfig == NULL))
  46              		.loc 1 149 6
  47 000a 7B68     		ldr	r3, [r7, #4]
  48 000c 002B     		cmp	r3, #0
  49 000e 02D0     		beq	.L2
  50              		.loc 1 149 23 discriminator 1
  51 0010 3B68     		ldr	r3, [r7]
  52 0012 002B     		cmp	r3, #0
  53 0014 01D1     		bne	.L3
  54              	.L2:
 150:Drivers/STM32F4xx_HAL_Driver/Src/stm32f4xx_hal_exti.c ****   {
 151:Drivers/STM32F4xx_HAL_Driver/Src/stm32f4xx_hal_exti.c ****     return HAL_ERROR;
  55              		.loc 1 151 12
  56 0016 0123     		movs	r3, #1
  57 0018 8FE0     		b	.L4
  58              	.L3:
 152:Drivers/STM32F4xx_HAL_Driver/Src/stm32f4xx_hal_exti.c ****   }
 153:Drivers/STM32F4xx_HAL_Driver/Src/stm32f4xx_hal_exti.c **** 
 154:Drivers/STM32F4xx_HAL_Driver/Src/stm32f4xx_hal_exti.c ****   /* Check parameters */
 155:Drivers/STM32F4xx_HAL_Driver/Src/stm32f4xx_hal_exti.c ****   assert_param(IS_EXTI_LINE(pExtiConfig->Line));
 156:Drivers/STM32F4xx_HAL_Driver/Src/stm32f4xx_hal_exti.c ****   assert_param(IS_EXTI_MODE(pExtiConfig->Mode));
 157:Drivers/STM32F4xx_HAL_Driver/Src/stm32f4xx_hal_exti.c **** 
 158:Drivers/STM32F4xx_HAL_Driver/Src/stm32f4xx_hal_exti.c ****   /* Assign line number to handle */
 159:Drivers/STM32F4xx_HAL_Driver/Src/stm32f4xx_hal_exti.c ****   hexti->Line = pExtiConfig->Line;
  59              		.loc 1 159 28
  60 001a 3B68     		ldr	r3, [r7]
  61 001c 1A68     		ldr	r2, [r3]
  62              		.loc 1 159 15
  63 001e 7B68     		ldr	r3, [r7, #4]
  64 0020 1A60     		str	r2, [r3]
 160:Drivers/STM32F4xx_HAL_Driver/Src/stm32f4xx_hal_exti.c **** 
 161:Drivers/STM32F4xx_HAL_Driver/Src/stm32f4xx_hal_exti.c ****   /* Compute line mask */
 162:Drivers/STM32F4xx_HAL_Driver/Src/stm32f4xx_hal_exti.c ****   linepos = (pExtiConfig->Line & EXTI_PIN_MASK);
  65              		.loc 1 162 25
  66 0022 3B68     		ldr	r3, [r7]
  67 0024 1B68     		ldr	r3, [r3]
ARM GAS  C:\Users\natal\AppData\Local\Temp\ccII1g9k.s 			page 5


  68              		.loc 1 162 11
  69 0026 03F01F03 		and	r3, r3, #31
  70 002a 7B61     		str	r3, [r7, #20]
 163:Drivers/STM32F4xx_HAL_Driver/Src/stm32f4xx_hal_exti.c ****   maskline = (1uL << linepos);
  71              		.loc 1 163 12
  72 002c 0122     		movs	r2, #1
  73 002e 7B69     		ldr	r3, [r7, #20]
  74 0030 02FA03F3 		lsl	r3, r2, r3
  75 0034 3B61     		str	r3, [r7, #16]
 164:Drivers/STM32F4xx_HAL_Driver/Src/stm32f4xx_hal_exti.c **** 
 165:Drivers/STM32F4xx_HAL_Driver/Src/stm32f4xx_hal_exti.c ****   /* Configure triggers for configurable lines */
 166:Drivers/STM32F4xx_HAL_Driver/Src/stm32f4xx_hal_exti.c ****   if ((pExtiConfig->Line & EXTI_CONFIG) != 0x00u)
  76              		.loc 1 166 19
  77 0036 3B68     		ldr	r3, [r7]
  78 0038 1B68     		ldr	r3, [r3]
  79              		.loc 1 166 26
  80 003a 03F00073 		and	r3, r3, #33554432
  81              		.loc 1 166 6
  82 003e 002B     		cmp	r3, #0
  83 0040 52D0     		beq	.L5
 167:Drivers/STM32F4xx_HAL_Driver/Src/stm32f4xx_hal_exti.c ****   {
 168:Drivers/STM32F4xx_HAL_Driver/Src/stm32f4xx_hal_exti.c ****     assert_param(IS_EXTI_TRIGGER(pExtiConfig->Trigger));
 169:Drivers/STM32F4xx_HAL_Driver/Src/stm32f4xx_hal_exti.c **** 
 170:Drivers/STM32F4xx_HAL_Driver/Src/stm32f4xx_hal_exti.c ****     /* Configure rising trigger */
 171:Drivers/STM32F4xx_HAL_Driver/Src/stm32f4xx_hal_exti.c ****     /* Mask or set line */
 172:Drivers/STM32F4xx_HAL_Driver/Src/stm32f4xx_hal_exti.c ****     if ((pExtiConfig->Trigger & EXTI_TRIGGER_RISING) != 0x00u)
  84              		.loc 1 172 21
  85 0042 3B68     		ldr	r3, [r7]
  86 0044 9B68     		ldr	r3, [r3, #8]
  87              		.loc 1 172 31
  88 0046 03F00103 		and	r3, r3, #1
  89              		.loc 1 172 8
  90 004a 002B     		cmp	r3, #0
  91 004c 06D0     		beq	.L6
 173:Drivers/STM32F4xx_HAL_Driver/Src/stm32f4xx_hal_exti.c ****     {
 174:Drivers/STM32F4xx_HAL_Driver/Src/stm32f4xx_hal_exti.c ****       EXTI->RTSR |= maskline;
  92              		.loc 1 174 18
  93 004e 3E4B     		ldr	r3, .L14
  94 0050 9A68     		ldr	r2, [r3, #8]
  95 0052 3D49     		ldr	r1, .L14
  96 0054 3B69     		ldr	r3, [r7, #16]
  97 0056 1343     		orrs	r3, r3, r2
  98 0058 8B60     		str	r3, [r1, #8]
  99 005a 06E0     		b	.L7
 100              	.L6:
 175:Drivers/STM32F4xx_HAL_Driver/Src/stm32f4xx_hal_exti.c ****     }
 176:Drivers/STM32F4xx_HAL_Driver/Src/stm32f4xx_hal_exti.c ****     else
 177:Drivers/STM32F4xx_HAL_Driver/Src/stm32f4xx_hal_exti.c ****     {
 178:Drivers/STM32F4xx_HAL_Driver/Src/stm32f4xx_hal_exti.c ****       EXTI->RTSR &= ~maskline;
 101              		.loc 1 178 18
 102 005c 3A4B     		ldr	r3, .L14
 103 005e 9A68     		ldr	r2, [r3, #8]
 104              		.loc 1 178 21
 105 0060 3B69     		ldr	r3, [r7, #16]
 106 0062 DB43     		mvns	r3, r3
 107              		.loc 1 178 18
 108 0064 3849     		ldr	r1, .L14
ARM GAS  C:\Users\natal\AppData\Local\Temp\ccII1g9k.s 			page 6


 109 0066 1340     		ands	r3, r3, r2
 110 0068 8B60     		str	r3, [r1, #8]
 111              	.L7:
 179:Drivers/STM32F4xx_HAL_Driver/Src/stm32f4xx_hal_exti.c ****     }
 180:Drivers/STM32F4xx_HAL_Driver/Src/stm32f4xx_hal_exti.c **** 
 181:Drivers/STM32F4xx_HAL_Driver/Src/stm32f4xx_hal_exti.c ****     /* Configure falling trigger */
 182:Drivers/STM32F4xx_HAL_Driver/Src/stm32f4xx_hal_exti.c ****     /* Mask or set line */
 183:Drivers/STM32F4xx_HAL_Driver/Src/stm32f4xx_hal_exti.c ****     if ((pExtiConfig->Trigger & EXTI_TRIGGER_FALLING) != 0x00u)
 112              		.loc 1 183 21
 113 006a 3B68     		ldr	r3, [r7]
 114 006c 9B68     		ldr	r3, [r3, #8]
 115              		.loc 1 183 31
 116 006e 03F00203 		and	r3, r3, #2
 117              		.loc 1 183 8
 118 0072 002B     		cmp	r3, #0
 119 0074 06D0     		beq	.L8
 184:Drivers/STM32F4xx_HAL_Driver/Src/stm32f4xx_hal_exti.c ****     {
 185:Drivers/STM32F4xx_HAL_Driver/Src/stm32f4xx_hal_exti.c ****       EXTI->FTSR |= maskline;
 120              		.loc 1 185 18
 121 0076 344B     		ldr	r3, .L14
 122 0078 DA68     		ldr	r2, [r3, #12]
 123 007a 3349     		ldr	r1, .L14
 124 007c 3B69     		ldr	r3, [r7, #16]
 125 007e 1343     		orrs	r3, r3, r2
 126 0080 CB60     		str	r3, [r1, #12]
 127 0082 06E0     		b	.L9
 128              	.L8:
 186:Drivers/STM32F4xx_HAL_Driver/Src/stm32f4xx_hal_exti.c ****     }
 187:Drivers/STM32F4xx_HAL_Driver/Src/stm32f4xx_hal_exti.c ****     else
 188:Drivers/STM32F4xx_HAL_Driver/Src/stm32f4xx_hal_exti.c ****     {
 189:Drivers/STM32F4xx_HAL_Driver/Src/stm32f4xx_hal_exti.c ****       EXTI->FTSR &= ~maskline;
 129              		.loc 1 189 18
 130 0084 304B     		ldr	r3, .L14
 131 0086 DA68     		ldr	r2, [r3, #12]
 132              		.loc 1 189 21
 133 0088 3B69     		ldr	r3, [r7, #16]
 134 008a DB43     		mvns	r3, r3
 135              		.loc 1 189 18
 136 008c 2E49     		ldr	r1, .L14
 137 008e 1340     		ands	r3, r3, r2
 138 0090 CB60     		str	r3, [r1, #12]
 139              	.L9:
 190:Drivers/STM32F4xx_HAL_Driver/Src/stm32f4xx_hal_exti.c ****     }
 191:Drivers/STM32F4xx_HAL_Driver/Src/stm32f4xx_hal_exti.c **** 
 192:Drivers/STM32F4xx_HAL_Driver/Src/stm32f4xx_hal_exti.c **** 
 193:Drivers/STM32F4xx_HAL_Driver/Src/stm32f4xx_hal_exti.c ****     /* Configure gpio port selection in case of gpio exti line */
 194:Drivers/STM32F4xx_HAL_Driver/Src/stm32f4xx_hal_exti.c ****     if ((pExtiConfig->Line & EXTI_GPIO) == EXTI_GPIO)
 140              		.loc 1 194 21
 141 0092 3B68     		ldr	r3, [r7]
 142 0094 1B68     		ldr	r3, [r3]
 143              		.loc 1 194 28
 144 0096 03F0C063 		and	r3, r3, #100663296
 145              		.loc 1 194 8
 146 009a B3F1C06F 		cmp	r3, #100663296
 147 009e 23D1     		bne	.L5
 195:Drivers/STM32F4xx_HAL_Driver/Src/stm32f4xx_hal_exti.c ****     {
 196:Drivers/STM32F4xx_HAL_Driver/Src/stm32f4xx_hal_exti.c ****       assert_param(IS_EXTI_GPIO_PORT(pExtiConfig->GPIOSel));
ARM GAS  C:\Users\natal\AppData\Local\Temp\ccII1g9k.s 			page 7


 197:Drivers/STM32F4xx_HAL_Driver/Src/stm32f4xx_hal_exti.c ****       assert_param(IS_EXTI_GPIO_PIN(linepos));
 198:Drivers/STM32F4xx_HAL_Driver/Src/stm32f4xx_hal_exti.c **** 
 199:Drivers/STM32F4xx_HAL_Driver/Src/stm32f4xx_hal_exti.c ****       regval = SYSCFG->EXTICR[linepos >> 2u];
 148              		.loc 1 199 22
 149 00a0 2A4A     		ldr	r2, .L14+4
 150              		.loc 1 199 39
 151 00a2 7B69     		ldr	r3, [r7, #20]
 152 00a4 9B08     		lsrs	r3, r3, #2
 153              		.loc 1 199 14
 154 00a6 0233     		adds	r3, r3, #2
 155 00a8 52F82330 		ldr	r3, [r2, r3, lsl #2]
 156 00ac FB60     		str	r3, [r7, #12]
 200:Drivers/STM32F4xx_HAL_Driver/Src/stm32f4xx_hal_exti.c ****       regval &= ~(SYSCFG_EXTICR1_EXTI0 << (SYSCFG_EXTICR1_EXTI1_Pos * (linepos & 0x03u)));
 157              		.loc 1 200 80
 158 00ae 7B69     		ldr	r3, [r7, #20]
 159 00b0 03F00303 		and	r3, r3, #3
 160              		.loc 1 200 69
 161 00b4 9B00     		lsls	r3, r3, #2
 162              		.loc 1 200 40
 163 00b6 0F22     		movs	r2, #15
 164 00b8 02FA03F3 		lsl	r3, r2, r3
 165              		.loc 1 200 17
 166 00bc DB43     		mvns	r3, r3
 167              		.loc 1 200 14
 168 00be FA68     		ldr	r2, [r7, #12]
 169 00c0 1340     		ands	r3, r3, r2
 170 00c2 FB60     		str	r3, [r7, #12]
 201:Drivers/STM32F4xx_HAL_Driver/Src/stm32f4xx_hal_exti.c ****       regval |= (pExtiConfig->GPIOSel << (SYSCFG_EXTICR1_EXTI1_Pos * (linepos & 0x03u)));
 171              		.loc 1 201 29
 172 00c4 3B68     		ldr	r3, [r7]
 173 00c6 DA68     		ldr	r2, [r3, #12]
 174              		.loc 1 201 79
 175 00c8 7B69     		ldr	r3, [r7, #20]
 176 00ca 03F00303 		and	r3, r3, #3
 177              		.loc 1 201 68
 178 00ce 9B00     		lsls	r3, r3, #2
 179              		.loc 1 201 39
 180 00d0 02FA03F3 		lsl	r3, r2, r3
 181              		.loc 1 201 14
 182 00d4 FA68     		ldr	r2, [r7, #12]
 183 00d6 1343     		orrs	r3, r3, r2
 184 00d8 FB60     		str	r3, [r7, #12]
 202:Drivers/STM32F4xx_HAL_Driver/Src/stm32f4xx_hal_exti.c ****       SYSCFG->EXTICR[linepos >> 2u] = regval;
 185              		.loc 1 202 13
 186 00da 1C49     		ldr	r1, .L14+4
 187              		.loc 1 202 30
 188 00dc 7B69     		ldr	r3, [r7, #20]
 189 00de 9B08     		lsrs	r3, r3, #2
 190              		.loc 1 202 37
 191 00e0 0233     		adds	r3, r3, #2
 192 00e2 FA68     		ldr	r2, [r7, #12]
 193 00e4 41F82320 		str	r2, [r1, r3, lsl #2]
 194              	.L5:
 203:Drivers/STM32F4xx_HAL_Driver/Src/stm32f4xx_hal_exti.c ****     }
 204:Drivers/STM32F4xx_HAL_Driver/Src/stm32f4xx_hal_exti.c ****   }
 205:Drivers/STM32F4xx_HAL_Driver/Src/stm32f4xx_hal_exti.c **** 
 206:Drivers/STM32F4xx_HAL_Driver/Src/stm32f4xx_hal_exti.c ****   /* Configure interrupt mode : read current mode */
ARM GAS  C:\Users\natal\AppData\Local\Temp\ccII1g9k.s 			page 8


 207:Drivers/STM32F4xx_HAL_Driver/Src/stm32f4xx_hal_exti.c ****   /* Mask or set line */
 208:Drivers/STM32F4xx_HAL_Driver/Src/stm32f4xx_hal_exti.c ****   if ((pExtiConfig->Mode & EXTI_MODE_INTERRUPT) != 0x00u)
 195              		.loc 1 208 19
 196 00e8 3B68     		ldr	r3, [r7]
 197 00ea 5B68     		ldr	r3, [r3, #4]
 198              		.loc 1 208 26
 199 00ec 03F00103 		and	r3, r3, #1
 200              		.loc 1 208 6
 201 00f0 002B     		cmp	r3, #0
 202 00f2 06D0     		beq	.L10
 209:Drivers/STM32F4xx_HAL_Driver/Src/stm32f4xx_hal_exti.c ****   {
 210:Drivers/STM32F4xx_HAL_Driver/Src/stm32f4xx_hal_exti.c ****     EXTI->IMR |= maskline;
 203              		.loc 1 210 15
 204 00f4 144B     		ldr	r3, .L14
 205 00f6 1A68     		ldr	r2, [r3]
 206 00f8 1349     		ldr	r1, .L14
 207 00fa 3B69     		ldr	r3, [r7, #16]
 208 00fc 1343     		orrs	r3, r3, r2
 209 00fe 0B60     		str	r3, [r1]
 210 0100 06E0     		b	.L11
 211              	.L10:
 211:Drivers/STM32F4xx_HAL_Driver/Src/stm32f4xx_hal_exti.c ****   }
 212:Drivers/STM32F4xx_HAL_Driver/Src/stm32f4xx_hal_exti.c ****   else
 213:Drivers/STM32F4xx_HAL_Driver/Src/stm32f4xx_hal_exti.c ****   {
 214:Drivers/STM32F4xx_HAL_Driver/Src/stm32f4xx_hal_exti.c ****     EXTI->IMR &= ~maskline;
 212              		.loc 1 214 15
 213 0102 114B     		ldr	r3, .L14
 214 0104 1A68     		ldr	r2, [r3]
 215              		.loc 1 214 18
 216 0106 3B69     		ldr	r3, [r7, #16]
 217 0108 DB43     		mvns	r3, r3
 218              		.loc 1 214 15
 219 010a 0F49     		ldr	r1, .L14
 220 010c 1340     		ands	r3, r3, r2
 221 010e 0B60     		str	r3, [r1]
 222              	.L11:
 215:Drivers/STM32F4xx_HAL_Driver/Src/stm32f4xx_hal_exti.c ****   }
 216:Drivers/STM32F4xx_HAL_Driver/Src/stm32f4xx_hal_exti.c **** 
 217:Drivers/STM32F4xx_HAL_Driver/Src/stm32f4xx_hal_exti.c ****   /* Configure event mode : read current mode */
 218:Drivers/STM32F4xx_HAL_Driver/Src/stm32f4xx_hal_exti.c ****   /* Mask or set line */
 219:Drivers/STM32F4xx_HAL_Driver/Src/stm32f4xx_hal_exti.c ****   if ((pExtiConfig->Mode & EXTI_MODE_EVENT) != 0x00u)
 223              		.loc 1 219 19
 224 0110 3B68     		ldr	r3, [r7]
 225 0112 5B68     		ldr	r3, [r3, #4]
 226              		.loc 1 219 26
 227 0114 03F00203 		and	r3, r3, #2
 228              		.loc 1 219 6
 229 0118 002B     		cmp	r3, #0
 230 011a 06D0     		beq	.L12
 220:Drivers/STM32F4xx_HAL_Driver/Src/stm32f4xx_hal_exti.c ****   {
 221:Drivers/STM32F4xx_HAL_Driver/Src/stm32f4xx_hal_exti.c ****     EXTI->EMR |= maskline;
 231              		.loc 1 221 15
 232 011c 0A4B     		ldr	r3, .L14
 233 011e 5A68     		ldr	r2, [r3, #4]
 234 0120 0949     		ldr	r1, .L14
 235 0122 3B69     		ldr	r3, [r7, #16]
 236 0124 1343     		orrs	r3, r3, r2
ARM GAS  C:\Users\natal\AppData\Local\Temp\ccII1g9k.s 			page 9


 237 0126 4B60     		str	r3, [r1, #4]
 238 0128 06E0     		b	.L13
 239              	.L12:
 222:Drivers/STM32F4xx_HAL_Driver/Src/stm32f4xx_hal_exti.c ****   }
 223:Drivers/STM32F4xx_HAL_Driver/Src/stm32f4xx_hal_exti.c ****   else
 224:Drivers/STM32F4xx_HAL_Driver/Src/stm32f4xx_hal_exti.c ****   {
 225:Drivers/STM32F4xx_HAL_Driver/Src/stm32f4xx_hal_exti.c ****     EXTI->EMR &= ~maskline;
 240              		.loc 1 225 15
 241 012a 074B     		ldr	r3, .L14
 242 012c 5A68     		ldr	r2, [r3, #4]
 243              		.loc 1 225 18
 244 012e 3B69     		ldr	r3, [r7, #16]
 245 0130 DB43     		mvns	r3, r3
 246              		.loc 1 225 15
 247 0132 0549     		ldr	r1, .L14
 248 0134 1340     		ands	r3, r3, r2
 249 0136 4B60     		str	r3, [r1, #4]
 250              	.L13:
 226:Drivers/STM32F4xx_HAL_Driver/Src/stm32f4xx_hal_exti.c ****   }
 227:Drivers/STM32F4xx_HAL_Driver/Src/stm32f4xx_hal_exti.c **** 
 228:Drivers/STM32F4xx_HAL_Driver/Src/stm32f4xx_hal_exti.c ****   return HAL_OK;
 251              		.loc 1 228 10
 252 0138 0023     		movs	r3, #0
 253              	.L4:
 229:Drivers/STM32F4xx_HAL_Driver/Src/stm32f4xx_hal_exti.c **** }
 254              		.loc 1 229 1
 255 013a 1846     		mov	r0, r3
 256 013c 1C37     		adds	r7, r7, #28
 257              	.LCFI3:
 258              		.cfi_def_cfa_offset 4
 259 013e BD46     		mov	sp, r7
 260              	.LCFI4:
 261              		.cfi_def_cfa_register 13
 262              		@ sp needed
 263 0140 5DF8047B 		ldr	r7, [sp], #4
 264              	.LCFI5:
 265              		.cfi_restore 7
 266              		.cfi_def_cfa_offset 0
 267 0144 7047     		bx	lr
 268              	.L15:
 269 0146 00BF     		.align	2
 270              	.L14:
 271 0148 003C0140 		.word	1073822720
 272 014c 00380140 		.word	1073821696
 273              		.cfi_endproc
 274              	.LFE220:
 276              		.section	.text.HAL_EXTI_GetConfigLine,"ax",%progbits
 277              		.align	1
 278              		.global	HAL_EXTI_GetConfigLine
 279              		.syntax unified
 280              		.thumb
 281              		.thumb_func
 283              	HAL_EXTI_GetConfigLine:
 284              	.LFB221:
 230:Drivers/STM32F4xx_HAL_Driver/Src/stm32f4xx_hal_exti.c **** 
 231:Drivers/STM32F4xx_HAL_Driver/Src/stm32f4xx_hal_exti.c **** /**
 232:Drivers/STM32F4xx_HAL_Driver/Src/stm32f4xx_hal_exti.c ****   * @brief  Get configuration of a dedicated Exti line.
ARM GAS  C:\Users\natal\AppData\Local\Temp\ccII1g9k.s 			page 10


 233:Drivers/STM32F4xx_HAL_Driver/Src/stm32f4xx_hal_exti.c ****   * @param  hexti Exti handle.
 234:Drivers/STM32F4xx_HAL_Driver/Src/stm32f4xx_hal_exti.c ****   * @param  pExtiConfig Pointer on structure to store Exti configuration.
 235:Drivers/STM32F4xx_HAL_Driver/Src/stm32f4xx_hal_exti.c ****   * @retval HAL Status.
 236:Drivers/STM32F4xx_HAL_Driver/Src/stm32f4xx_hal_exti.c ****   */
 237:Drivers/STM32F4xx_HAL_Driver/Src/stm32f4xx_hal_exti.c **** HAL_StatusTypeDef HAL_EXTI_GetConfigLine(EXTI_HandleTypeDef *hexti, EXTI_ConfigTypeDef *pExtiConfig
 238:Drivers/STM32F4xx_HAL_Driver/Src/stm32f4xx_hal_exti.c **** {
 285              		.loc 1 238 1
 286              		.cfi_startproc
 287              		@ args = 0, pretend = 0, frame = 24
 288              		@ frame_needed = 1, uses_anonymous_args = 0
 289              		@ link register save eliminated.
 290 0000 80B4     		push	{r7}
 291              	.LCFI6:
 292              		.cfi_def_cfa_offset 4
 293              		.cfi_offset 7, -4
 294 0002 87B0     		sub	sp, sp, #28
 295              	.LCFI7:
 296              		.cfi_def_cfa_offset 32
 297 0004 00AF     		add	r7, sp, #0
 298              	.LCFI8:
 299              		.cfi_def_cfa_register 7
 300 0006 7860     		str	r0, [r7, #4]
 301 0008 3960     		str	r1, [r7]
 239:Drivers/STM32F4xx_HAL_Driver/Src/stm32f4xx_hal_exti.c ****   uint32_t regval;
 240:Drivers/STM32F4xx_HAL_Driver/Src/stm32f4xx_hal_exti.c ****   uint32_t linepos;
 241:Drivers/STM32F4xx_HAL_Driver/Src/stm32f4xx_hal_exti.c ****   uint32_t maskline;
 242:Drivers/STM32F4xx_HAL_Driver/Src/stm32f4xx_hal_exti.c **** 
 243:Drivers/STM32F4xx_HAL_Driver/Src/stm32f4xx_hal_exti.c ****   /* Check null pointer */
 244:Drivers/STM32F4xx_HAL_Driver/Src/stm32f4xx_hal_exti.c ****   if ((hexti == NULL) || (pExtiConfig == NULL))
 302              		.loc 1 244 6
 303 000a 7B68     		ldr	r3, [r7, #4]
 304 000c 002B     		cmp	r3, #0
 305 000e 02D0     		beq	.L17
 306              		.loc 1 244 23 discriminator 1
 307 0010 3B68     		ldr	r3, [r7]
 308 0012 002B     		cmp	r3, #0
 309 0014 01D1     		bne	.L18
 310              	.L17:
 245:Drivers/STM32F4xx_HAL_Driver/Src/stm32f4xx_hal_exti.c ****   {
 246:Drivers/STM32F4xx_HAL_Driver/Src/stm32f4xx_hal_exti.c ****     return HAL_ERROR;
 311              		.loc 1 246 12
 312 0016 0123     		movs	r3, #1
 313 0018 61E0     		b	.L19
 314              	.L18:
 247:Drivers/STM32F4xx_HAL_Driver/Src/stm32f4xx_hal_exti.c ****   }
 248:Drivers/STM32F4xx_HAL_Driver/Src/stm32f4xx_hal_exti.c **** 
 249:Drivers/STM32F4xx_HAL_Driver/Src/stm32f4xx_hal_exti.c ****   /* Check the parameter */
 250:Drivers/STM32F4xx_HAL_Driver/Src/stm32f4xx_hal_exti.c ****   assert_param(IS_EXTI_LINE(hexti->Line));
 251:Drivers/STM32F4xx_HAL_Driver/Src/stm32f4xx_hal_exti.c **** 
 252:Drivers/STM32F4xx_HAL_Driver/Src/stm32f4xx_hal_exti.c ****   /* Store handle line number to configuration structure */
 253:Drivers/STM32F4xx_HAL_Driver/Src/stm32f4xx_hal_exti.c ****   pExtiConfig->Line = hexti->Line;
 315              		.loc 1 253 28
 316 001a 7B68     		ldr	r3, [r7, #4]
 317 001c 1A68     		ldr	r2, [r3]
 318              		.loc 1 253 21
 319 001e 3B68     		ldr	r3, [r7]
 320 0020 1A60     		str	r2, [r3]
ARM GAS  C:\Users\natal\AppData\Local\Temp\ccII1g9k.s 			page 11


 254:Drivers/STM32F4xx_HAL_Driver/Src/stm32f4xx_hal_exti.c **** 
 255:Drivers/STM32F4xx_HAL_Driver/Src/stm32f4xx_hal_exti.c ****   /* Compute line mask */
 256:Drivers/STM32F4xx_HAL_Driver/Src/stm32f4xx_hal_exti.c ****   linepos = (pExtiConfig->Line & EXTI_PIN_MASK);
 321              		.loc 1 256 25
 322 0022 3B68     		ldr	r3, [r7]
 323 0024 1B68     		ldr	r3, [r3]
 324              		.loc 1 256 11
 325 0026 03F01F03 		and	r3, r3, #31
 326 002a 7B61     		str	r3, [r7, #20]
 257:Drivers/STM32F4xx_HAL_Driver/Src/stm32f4xx_hal_exti.c ****   maskline = (1uL << linepos);
 327              		.loc 1 257 12
 328 002c 0122     		movs	r2, #1
 329 002e 7B69     		ldr	r3, [r7, #20]
 330 0030 02FA03F3 		lsl	r3, r2, r3
 331 0034 3B61     		str	r3, [r7, #16]
 258:Drivers/STM32F4xx_HAL_Driver/Src/stm32f4xx_hal_exti.c **** 
 259:Drivers/STM32F4xx_HAL_Driver/Src/stm32f4xx_hal_exti.c ****   /* 1] Get core mode : interrupt */
 260:Drivers/STM32F4xx_HAL_Driver/Src/stm32f4xx_hal_exti.c **** 
 261:Drivers/STM32F4xx_HAL_Driver/Src/stm32f4xx_hal_exti.c ****   /* Check if selected line is enable */
 262:Drivers/STM32F4xx_HAL_Driver/Src/stm32f4xx_hal_exti.c ****   if ((EXTI->IMR & maskline) != 0x00u)
 332              		.loc 1 262 12
 333 0036 2D4B     		ldr	r3, .L26
 334 0038 1A68     		ldr	r2, [r3]
 335              		.loc 1 262 18
 336 003a 3B69     		ldr	r3, [r7, #16]
 337 003c 1340     		ands	r3, r3, r2
 338              		.loc 1 262 6
 339 003e 002B     		cmp	r3, #0
 340 0040 03D0     		beq	.L20
 263:Drivers/STM32F4xx_HAL_Driver/Src/stm32f4xx_hal_exti.c ****   {
 264:Drivers/STM32F4xx_HAL_Driver/Src/stm32f4xx_hal_exti.c ****     pExtiConfig->Mode = EXTI_MODE_INTERRUPT;
 341              		.loc 1 264 23
 342 0042 3B68     		ldr	r3, [r7]
 343 0044 0122     		movs	r2, #1
 344 0046 5A60     		str	r2, [r3, #4]
 345 0048 02E0     		b	.L21
 346              	.L20:
 265:Drivers/STM32F4xx_HAL_Driver/Src/stm32f4xx_hal_exti.c ****   }
 266:Drivers/STM32F4xx_HAL_Driver/Src/stm32f4xx_hal_exti.c ****   else
 267:Drivers/STM32F4xx_HAL_Driver/Src/stm32f4xx_hal_exti.c ****   {
 268:Drivers/STM32F4xx_HAL_Driver/Src/stm32f4xx_hal_exti.c ****     pExtiConfig->Mode = EXTI_MODE_NONE;
 347              		.loc 1 268 23
 348 004a 3B68     		ldr	r3, [r7]
 349 004c 0022     		movs	r2, #0
 350 004e 5A60     		str	r2, [r3, #4]
 351              	.L21:
 269:Drivers/STM32F4xx_HAL_Driver/Src/stm32f4xx_hal_exti.c ****   }
 270:Drivers/STM32F4xx_HAL_Driver/Src/stm32f4xx_hal_exti.c **** 
 271:Drivers/STM32F4xx_HAL_Driver/Src/stm32f4xx_hal_exti.c ****   /* Get event mode */
 272:Drivers/STM32F4xx_HAL_Driver/Src/stm32f4xx_hal_exti.c ****   /* Check if selected line is enable */
 273:Drivers/STM32F4xx_HAL_Driver/Src/stm32f4xx_hal_exti.c ****   if ((EXTI->EMR & maskline) != 0x00u)
 352              		.loc 1 273 12
 353 0050 264B     		ldr	r3, .L26
 354 0052 5A68     		ldr	r2, [r3, #4]
 355              		.loc 1 273 18
 356 0054 3B69     		ldr	r3, [r7, #16]
 357 0056 1340     		ands	r3, r3, r2
ARM GAS  C:\Users\natal\AppData\Local\Temp\ccII1g9k.s 			page 12


 358              		.loc 1 273 6
 359 0058 002B     		cmp	r3, #0
 360 005a 05D0     		beq	.L22
 274:Drivers/STM32F4xx_HAL_Driver/Src/stm32f4xx_hal_exti.c ****   {
 275:Drivers/STM32F4xx_HAL_Driver/Src/stm32f4xx_hal_exti.c ****     pExtiConfig->Mode |= EXTI_MODE_EVENT;
 361              		.loc 1 275 23
 362 005c 3B68     		ldr	r3, [r7]
 363 005e 5B68     		ldr	r3, [r3, #4]
 364 0060 43F00202 		orr	r2, r3, #2
 365 0064 3B68     		ldr	r3, [r7]
 366 0066 5A60     		str	r2, [r3, #4]
 367              	.L22:
 276:Drivers/STM32F4xx_HAL_Driver/Src/stm32f4xx_hal_exti.c ****   }
 277:Drivers/STM32F4xx_HAL_Driver/Src/stm32f4xx_hal_exti.c **** 
 278:Drivers/STM32F4xx_HAL_Driver/Src/stm32f4xx_hal_exti.c ****   /* Get default Trigger and GPIOSel configuration */
 279:Drivers/STM32F4xx_HAL_Driver/Src/stm32f4xx_hal_exti.c ****   pExtiConfig->Trigger = EXTI_TRIGGER_NONE;
 368              		.loc 1 279 24
 369 0068 3B68     		ldr	r3, [r7]
 370 006a 0022     		movs	r2, #0
 371 006c 9A60     		str	r2, [r3, #8]
 280:Drivers/STM32F4xx_HAL_Driver/Src/stm32f4xx_hal_exti.c ****   pExtiConfig->GPIOSel = 0x00u;
 372              		.loc 1 280 24
 373 006e 3B68     		ldr	r3, [r7]
 374 0070 0022     		movs	r2, #0
 375 0072 DA60     		str	r2, [r3, #12]
 281:Drivers/STM32F4xx_HAL_Driver/Src/stm32f4xx_hal_exti.c **** 
 282:Drivers/STM32F4xx_HAL_Driver/Src/stm32f4xx_hal_exti.c ****   /* 2] Get trigger for configurable lines : rising */
 283:Drivers/STM32F4xx_HAL_Driver/Src/stm32f4xx_hal_exti.c ****   if ((pExtiConfig->Line & EXTI_CONFIG) != 0x00u)
 376              		.loc 1 283 19
 377 0074 3B68     		ldr	r3, [r7]
 378 0076 1B68     		ldr	r3, [r3]
 379              		.loc 1 283 26
 380 0078 03F00073 		and	r3, r3, #33554432
 381              		.loc 1 283 6
 382 007c 002B     		cmp	r3, #0
 383 007e 2DD0     		beq	.L23
 284:Drivers/STM32F4xx_HAL_Driver/Src/stm32f4xx_hal_exti.c ****   {
 285:Drivers/STM32F4xx_HAL_Driver/Src/stm32f4xx_hal_exti.c ****     /* Check if configuration of selected line is enable */
 286:Drivers/STM32F4xx_HAL_Driver/Src/stm32f4xx_hal_exti.c ****     if ((EXTI->RTSR & maskline) != 0x00u)
 384              		.loc 1 286 14
 385 0080 1A4B     		ldr	r3, .L26
 386 0082 9A68     		ldr	r2, [r3, #8]
 387              		.loc 1 286 21
 388 0084 3B69     		ldr	r3, [r7, #16]
 389 0086 1340     		ands	r3, r3, r2
 390              		.loc 1 286 8
 391 0088 002B     		cmp	r3, #0
 392 008a 02D0     		beq	.L24
 287:Drivers/STM32F4xx_HAL_Driver/Src/stm32f4xx_hal_exti.c ****     {
 288:Drivers/STM32F4xx_HAL_Driver/Src/stm32f4xx_hal_exti.c ****       pExtiConfig->Trigger = EXTI_TRIGGER_RISING;
 393              		.loc 1 288 28
 394 008c 3B68     		ldr	r3, [r7]
 395 008e 0122     		movs	r2, #1
 396 0090 9A60     		str	r2, [r3, #8]
 397              	.L24:
 289:Drivers/STM32F4xx_HAL_Driver/Src/stm32f4xx_hal_exti.c ****     }
 290:Drivers/STM32F4xx_HAL_Driver/Src/stm32f4xx_hal_exti.c **** 
ARM GAS  C:\Users\natal\AppData\Local\Temp\ccII1g9k.s 			page 13


 291:Drivers/STM32F4xx_HAL_Driver/Src/stm32f4xx_hal_exti.c ****     /* Get falling configuration */
 292:Drivers/STM32F4xx_HAL_Driver/Src/stm32f4xx_hal_exti.c ****     /* Check if configuration of selected line is enable */
 293:Drivers/STM32F4xx_HAL_Driver/Src/stm32f4xx_hal_exti.c ****     if ((EXTI->FTSR & maskline) != 0x00u)
 398              		.loc 1 293 14
 399 0092 164B     		ldr	r3, .L26
 400 0094 DA68     		ldr	r2, [r3, #12]
 401              		.loc 1 293 21
 402 0096 3B69     		ldr	r3, [r7, #16]
 403 0098 1340     		ands	r3, r3, r2
 404              		.loc 1 293 8
 405 009a 002B     		cmp	r3, #0
 406 009c 05D0     		beq	.L25
 294:Drivers/STM32F4xx_HAL_Driver/Src/stm32f4xx_hal_exti.c ****     {
 295:Drivers/STM32F4xx_HAL_Driver/Src/stm32f4xx_hal_exti.c ****       pExtiConfig->Trigger |= EXTI_TRIGGER_FALLING;
 407              		.loc 1 295 28
 408 009e 3B68     		ldr	r3, [r7]
 409 00a0 9B68     		ldr	r3, [r3, #8]
 410 00a2 43F00202 		orr	r2, r3, #2
 411 00a6 3B68     		ldr	r3, [r7]
 412 00a8 9A60     		str	r2, [r3, #8]
 413              	.L25:
 296:Drivers/STM32F4xx_HAL_Driver/Src/stm32f4xx_hal_exti.c ****     }
 297:Drivers/STM32F4xx_HAL_Driver/Src/stm32f4xx_hal_exti.c **** 
 298:Drivers/STM32F4xx_HAL_Driver/Src/stm32f4xx_hal_exti.c ****     /* Get Gpio port selection for gpio lines */
 299:Drivers/STM32F4xx_HAL_Driver/Src/stm32f4xx_hal_exti.c ****     if ((pExtiConfig->Line & EXTI_GPIO) == EXTI_GPIO)
 414              		.loc 1 299 21
 415 00aa 3B68     		ldr	r3, [r7]
 416 00ac 1B68     		ldr	r3, [r3]
 417              		.loc 1 299 28
 418 00ae 03F0C063 		and	r3, r3, #100663296
 419              		.loc 1 299 8
 420 00b2 B3F1C06F 		cmp	r3, #100663296
 421 00b6 11D1     		bne	.L23
 300:Drivers/STM32F4xx_HAL_Driver/Src/stm32f4xx_hal_exti.c ****     {
 301:Drivers/STM32F4xx_HAL_Driver/Src/stm32f4xx_hal_exti.c ****       assert_param(IS_EXTI_GPIO_PIN(linepos));
 302:Drivers/STM32F4xx_HAL_Driver/Src/stm32f4xx_hal_exti.c **** 
 303:Drivers/STM32F4xx_HAL_Driver/Src/stm32f4xx_hal_exti.c ****       regval = SYSCFG->EXTICR[linepos >> 2u];
 422              		.loc 1 303 22
 423 00b8 0D4A     		ldr	r2, .L26+4
 424              		.loc 1 303 39
 425 00ba 7B69     		ldr	r3, [r7, #20]
 426 00bc 9B08     		lsrs	r3, r3, #2
 427              		.loc 1 303 14
 428 00be 0233     		adds	r3, r3, #2
 429 00c0 52F82330 		ldr	r3, [r2, r3, lsl #2]
 430 00c4 FB60     		str	r3, [r7, #12]
 304:Drivers/STM32F4xx_HAL_Driver/Src/stm32f4xx_hal_exti.c ****       pExtiConfig->GPIOSel = (regval >> (SYSCFG_EXTICR1_EXTI1_Pos * (linepos & 0x03u))) & SYSCFG_EX
 431              		.loc 1 304 78
 432 00c6 7B69     		ldr	r3, [r7, #20]
 433 00c8 03F00303 		and	r3, r3, #3
 434              		.loc 1 304 67
 435 00cc 9B00     		lsls	r3, r3, #2
 436              		.loc 1 304 38
 437 00ce FA68     		ldr	r2, [r7, #12]
 438 00d0 22FA03F3 		lsr	r3, r2, r3
 439              		.loc 1 304 89
 440 00d4 03F00F02 		and	r2, r3, #15
ARM GAS  C:\Users\natal\AppData\Local\Temp\ccII1g9k.s 			page 14


 441              		.loc 1 304 28
 442 00d8 3B68     		ldr	r3, [r7]
 443 00da DA60     		str	r2, [r3, #12]
 444              	.L23:
 305:Drivers/STM32F4xx_HAL_Driver/Src/stm32f4xx_hal_exti.c ****     }
 306:Drivers/STM32F4xx_HAL_Driver/Src/stm32f4xx_hal_exti.c ****   }
 307:Drivers/STM32F4xx_HAL_Driver/Src/stm32f4xx_hal_exti.c **** 
 308:Drivers/STM32F4xx_HAL_Driver/Src/stm32f4xx_hal_exti.c ****   return HAL_OK;
 445              		.loc 1 308 10
 446 00dc 0023     		movs	r3, #0
 447              	.L19:
 309:Drivers/STM32F4xx_HAL_Driver/Src/stm32f4xx_hal_exti.c **** }
 448              		.loc 1 309 1
 449 00de 1846     		mov	r0, r3
 450 00e0 1C37     		adds	r7, r7, #28
 451              	.LCFI9:
 452              		.cfi_def_cfa_offset 4
 453 00e2 BD46     		mov	sp, r7
 454              	.LCFI10:
 455              		.cfi_def_cfa_register 13
 456              		@ sp needed
 457 00e4 5DF8047B 		ldr	r7, [sp], #4
 458              	.LCFI11:
 459              		.cfi_restore 7
 460              		.cfi_def_cfa_offset 0
 461 00e8 7047     		bx	lr
 462              	.L27:
 463 00ea 00BF     		.align	2
 464              	.L26:
 465 00ec 003C0140 		.word	1073822720
 466 00f0 00380140 		.word	1073821696
 467              		.cfi_endproc
 468              	.LFE221:
 470              		.section	.text.HAL_EXTI_ClearConfigLine,"ax",%progbits
 471              		.align	1
 472              		.global	HAL_EXTI_ClearConfigLine
 473              		.syntax unified
 474              		.thumb
 475              		.thumb_func
 477              	HAL_EXTI_ClearConfigLine:
 478              	.LFB222:
 310:Drivers/STM32F4xx_HAL_Driver/Src/stm32f4xx_hal_exti.c **** 
 311:Drivers/STM32F4xx_HAL_Driver/Src/stm32f4xx_hal_exti.c **** /**
 312:Drivers/STM32F4xx_HAL_Driver/Src/stm32f4xx_hal_exti.c ****   * @brief  Clear whole configuration of a dedicated Exti line.
 313:Drivers/STM32F4xx_HAL_Driver/Src/stm32f4xx_hal_exti.c ****   * @param  hexti Exti handle.
 314:Drivers/STM32F4xx_HAL_Driver/Src/stm32f4xx_hal_exti.c ****   * @retval HAL Status.
 315:Drivers/STM32F4xx_HAL_Driver/Src/stm32f4xx_hal_exti.c ****   */
 316:Drivers/STM32F4xx_HAL_Driver/Src/stm32f4xx_hal_exti.c **** HAL_StatusTypeDef HAL_EXTI_ClearConfigLine(EXTI_HandleTypeDef *hexti)
 317:Drivers/STM32F4xx_HAL_Driver/Src/stm32f4xx_hal_exti.c **** {
 479              		.loc 1 317 1
 480              		.cfi_startproc
 481              		@ args = 0, pretend = 0, frame = 24
 482              		@ frame_needed = 1, uses_anonymous_args = 0
 483              		@ link register save eliminated.
 484 0000 80B4     		push	{r7}
 485              	.LCFI12:
 486              		.cfi_def_cfa_offset 4
ARM GAS  C:\Users\natal\AppData\Local\Temp\ccII1g9k.s 			page 15


 487              		.cfi_offset 7, -4
 488 0002 87B0     		sub	sp, sp, #28
 489              	.LCFI13:
 490              		.cfi_def_cfa_offset 32
 491 0004 00AF     		add	r7, sp, #0
 492              	.LCFI14:
 493              		.cfi_def_cfa_register 7
 494 0006 7860     		str	r0, [r7, #4]
 318:Drivers/STM32F4xx_HAL_Driver/Src/stm32f4xx_hal_exti.c ****   uint32_t regval;
 319:Drivers/STM32F4xx_HAL_Driver/Src/stm32f4xx_hal_exti.c ****   uint32_t linepos;
 320:Drivers/STM32F4xx_HAL_Driver/Src/stm32f4xx_hal_exti.c ****   uint32_t maskline;
 321:Drivers/STM32F4xx_HAL_Driver/Src/stm32f4xx_hal_exti.c **** 
 322:Drivers/STM32F4xx_HAL_Driver/Src/stm32f4xx_hal_exti.c ****   /* Check null pointer */
 323:Drivers/STM32F4xx_HAL_Driver/Src/stm32f4xx_hal_exti.c ****   if (hexti == NULL)
 495              		.loc 1 323 6
 496 0008 7B68     		ldr	r3, [r7, #4]
 497 000a 002B     		cmp	r3, #0
 498 000c 01D1     		bne	.L29
 324:Drivers/STM32F4xx_HAL_Driver/Src/stm32f4xx_hal_exti.c ****   {
 325:Drivers/STM32F4xx_HAL_Driver/Src/stm32f4xx_hal_exti.c ****     return HAL_ERROR;
 499              		.loc 1 325 12
 500 000e 0123     		movs	r3, #1
 501 0010 4CE0     		b	.L30
 502              	.L29:
 326:Drivers/STM32F4xx_HAL_Driver/Src/stm32f4xx_hal_exti.c ****   }
 327:Drivers/STM32F4xx_HAL_Driver/Src/stm32f4xx_hal_exti.c **** 
 328:Drivers/STM32F4xx_HAL_Driver/Src/stm32f4xx_hal_exti.c ****   /* Check the parameter */
 329:Drivers/STM32F4xx_HAL_Driver/Src/stm32f4xx_hal_exti.c ****   assert_param(IS_EXTI_LINE(hexti->Line));
 330:Drivers/STM32F4xx_HAL_Driver/Src/stm32f4xx_hal_exti.c **** 
 331:Drivers/STM32F4xx_HAL_Driver/Src/stm32f4xx_hal_exti.c ****   /* compute line mask */
 332:Drivers/STM32F4xx_HAL_Driver/Src/stm32f4xx_hal_exti.c ****   linepos = (hexti->Line & EXTI_PIN_MASK);
 503              		.loc 1 332 19
 504 0012 7B68     		ldr	r3, [r7, #4]
 505 0014 1B68     		ldr	r3, [r3]
 506              		.loc 1 332 11
 507 0016 03F01F03 		and	r3, r3, #31
 508 001a 7B61     		str	r3, [r7, #20]
 333:Drivers/STM32F4xx_HAL_Driver/Src/stm32f4xx_hal_exti.c ****   maskline = (1uL << linepos);
 509              		.loc 1 333 12
 510 001c 0122     		movs	r2, #1
 511 001e 7B69     		ldr	r3, [r7, #20]
 512 0020 02FA03F3 		lsl	r3, r2, r3
 513 0024 3B61     		str	r3, [r7, #16]
 334:Drivers/STM32F4xx_HAL_Driver/Src/stm32f4xx_hal_exti.c **** 
 335:Drivers/STM32F4xx_HAL_Driver/Src/stm32f4xx_hal_exti.c ****   /* 1] Clear interrupt mode */
 336:Drivers/STM32F4xx_HAL_Driver/Src/stm32f4xx_hal_exti.c ****   EXTI->IMR = (EXTI->IMR & ~maskline);
 514              		.loc 1 336 20
 515 0026 244B     		ldr	r3, .L32
 516 0028 1A68     		ldr	r2, [r3]
 517              		.loc 1 336 28
 518 002a 3B69     		ldr	r3, [r7, #16]
 519 002c DB43     		mvns	r3, r3
 520              		.loc 1 336 7
 521 002e 2249     		ldr	r1, .L32
 522              		.loc 1 336 26
 523 0030 1340     		ands	r3, r3, r2
 524              		.loc 1 336 13
ARM GAS  C:\Users\natal\AppData\Local\Temp\ccII1g9k.s 			page 16


 525 0032 0B60     		str	r3, [r1]
 337:Drivers/STM32F4xx_HAL_Driver/Src/stm32f4xx_hal_exti.c **** 
 338:Drivers/STM32F4xx_HAL_Driver/Src/stm32f4xx_hal_exti.c ****   /* 2] Clear event mode */
 339:Drivers/STM32F4xx_HAL_Driver/Src/stm32f4xx_hal_exti.c ****   EXTI->EMR = (EXTI->EMR & ~maskline);
 526              		.loc 1 339 20
 527 0034 204B     		ldr	r3, .L32
 528 0036 5A68     		ldr	r2, [r3, #4]
 529              		.loc 1 339 28
 530 0038 3B69     		ldr	r3, [r7, #16]
 531 003a DB43     		mvns	r3, r3
 532              		.loc 1 339 7
 533 003c 1E49     		ldr	r1, .L32
 534              		.loc 1 339 26
 535 003e 1340     		ands	r3, r3, r2
 536              		.loc 1 339 13
 537 0040 4B60     		str	r3, [r1, #4]
 340:Drivers/STM32F4xx_HAL_Driver/Src/stm32f4xx_hal_exti.c **** 
 341:Drivers/STM32F4xx_HAL_Driver/Src/stm32f4xx_hal_exti.c ****   /* 3] Clear triggers in case of configurable lines */
 342:Drivers/STM32F4xx_HAL_Driver/Src/stm32f4xx_hal_exti.c ****   if ((hexti->Line & EXTI_CONFIG) != 0x00u)
 538              		.loc 1 342 13
 539 0042 7B68     		ldr	r3, [r7, #4]
 540 0044 1B68     		ldr	r3, [r3]
 541              		.loc 1 342 20
 542 0046 03F00073 		and	r3, r3, #33554432
 543              		.loc 1 342 6
 544 004a 002B     		cmp	r3, #0
 545 004c 2DD0     		beq	.L31
 343:Drivers/STM32F4xx_HAL_Driver/Src/stm32f4xx_hal_exti.c ****   {
 344:Drivers/STM32F4xx_HAL_Driver/Src/stm32f4xx_hal_exti.c ****     EXTI->RTSR = (EXTI->RTSR & ~maskline);
 546              		.loc 1 344 23
 547 004e 1A4B     		ldr	r3, .L32
 548 0050 9A68     		ldr	r2, [r3, #8]
 549              		.loc 1 344 32
 550 0052 3B69     		ldr	r3, [r7, #16]
 551 0054 DB43     		mvns	r3, r3
 552              		.loc 1 344 9
 553 0056 1849     		ldr	r1, .L32
 554              		.loc 1 344 30
 555 0058 1340     		ands	r3, r3, r2
 556              		.loc 1 344 16
 557 005a 8B60     		str	r3, [r1, #8]
 345:Drivers/STM32F4xx_HAL_Driver/Src/stm32f4xx_hal_exti.c ****     EXTI->FTSR = (EXTI->FTSR & ~maskline);
 558              		.loc 1 345 23
 559 005c 164B     		ldr	r3, .L32
 560 005e DA68     		ldr	r2, [r3, #12]
 561              		.loc 1 345 32
 562 0060 3B69     		ldr	r3, [r7, #16]
 563 0062 DB43     		mvns	r3, r3
 564              		.loc 1 345 9
 565 0064 1449     		ldr	r1, .L32
 566              		.loc 1 345 30
 567 0066 1340     		ands	r3, r3, r2
 568              		.loc 1 345 16
 569 0068 CB60     		str	r3, [r1, #12]
 346:Drivers/STM32F4xx_HAL_Driver/Src/stm32f4xx_hal_exti.c **** 
 347:Drivers/STM32F4xx_HAL_Driver/Src/stm32f4xx_hal_exti.c ****     /* Get Gpio port selection for gpio lines */
 348:Drivers/STM32F4xx_HAL_Driver/Src/stm32f4xx_hal_exti.c ****     if ((hexti->Line & EXTI_GPIO) == EXTI_GPIO)
ARM GAS  C:\Users\natal\AppData\Local\Temp\ccII1g9k.s 			page 17


 570              		.loc 1 348 15
 571 006a 7B68     		ldr	r3, [r7, #4]
 572 006c 1B68     		ldr	r3, [r3]
 573              		.loc 1 348 22
 574 006e 03F0C063 		and	r3, r3, #100663296
 575              		.loc 1 348 8
 576 0072 B3F1C06F 		cmp	r3, #100663296
 577 0076 18D1     		bne	.L31
 349:Drivers/STM32F4xx_HAL_Driver/Src/stm32f4xx_hal_exti.c ****     {
 350:Drivers/STM32F4xx_HAL_Driver/Src/stm32f4xx_hal_exti.c ****       assert_param(IS_EXTI_GPIO_PIN(linepos));
 351:Drivers/STM32F4xx_HAL_Driver/Src/stm32f4xx_hal_exti.c **** 
 352:Drivers/STM32F4xx_HAL_Driver/Src/stm32f4xx_hal_exti.c ****       regval = SYSCFG->EXTICR[linepos >> 2u];
 578              		.loc 1 352 22
 579 0078 104A     		ldr	r2, .L32+4
 580              		.loc 1 352 39
 581 007a 7B69     		ldr	r3, [r7, #20]
 582 007c 9B08     		lsrs	r3, r3, #2
 583              		.loc 1 352 14
 584 007e 0233     		adds	r3, r3, #2
 585 0080 52F82330 		ldr	r3, [r2, r3, lsl #2]
 586 0084 FB60     		str	r3, [r7, #12]
 353:Drivers/STM32F4xx_HAL_Driver/Src/stm32f4xx_hal_exti.c ****       regval &= ~(SYSCFG_EXTICR1_EXTI0 << (SYSCFG_EXTICR1_EXTI1_Pos * (linepos & 0x03u)));
 587              		.loc 1 353 80
 588 0086 7B69     		ldr	r3, [r7, #20]
 589 0088 03F00303 		and	r3, r3, #3
 590              		.loc 1 353 69
 591 008c 9B00     		lsls	r3, r3, #2
 592              		.loc 1 353 40
 593 008e 0F22     		movs	r2, #15
 594 0090 02FA03F3 		lsl	r3, r2, r3
 595              		.loc 1 353 17
 596 0094 DB43     		mvns	r3, r3
 597              		.loc 1 353 14
 598 0096 FA68     		ldr	r2, [r7, #12]
 599 0098 1340     		ands	r3, r3, r2
 600 009a FB60     		str	r3, [r7, #12]
 354:Drivers/STM32F4xx_HAL_Driver/Src/stm32f4xx_hal_exti.c ****       SYSCFG->EXTICR[linepos >> 2u] = regval;
 601              		.loc 1 354 13
 602 009c 0749     		ldr	r1, .L32+4
 603              		.loc 1 354 30
 604 009e 7B69     		ldr	r3, [r7, #20]
 605 00a0 9B08     		lsrs	r3, r3, #2
 606              		.loc 1 354 37
 607 00a2 0233     		adds	r3, r3, #2
 608 00a4 FA68     		ldr	r2, [r7, #12]
 609 00a6 41F82320 		str	r2, [r1, r3, lsl #2]
 610              	.L31:
 355:Drivers/STM32F4xx_HAL_Driver/Src/stm32f4xx_hal_exti.c ****     }
 356:Drivers/STM32F4xx_HAL_Driver/Src/stm32f4xx_hal_exti.c ****   }
 357:Drivers/STM32F4xx_HAL_Driver/Src/stm32f4xx_hal_exti.c **** 
 358:Drivers/STM32F4xx_HAL_Driver/Src/stm32f4xx_hal_exti.c ****   return HAL_OK;
 611              		.loc 1 358 10
 612 00aa 0023     		movs	r3, #0
 613              	.L30:
 359:Drivers/STM32F4xx_HAL_Driver/Src/stm32f4xx_hal_exti.c **** }
 614              		.loc 1 359 1
 615 00ac 1846     		mov	r0, r3
ARM GAS  C:\Users\natal\AppData\Local\Temp\ccII1g9k.s 			page 18


 616 00ae 1C37     		adds	r7, r7, #28
 617              	.LCFI15:
 618              		.cfi_def_cfa_offset 4
 619 00b0 BD46     		mov	sp, r7
 620              	.LCFI16:
 621              		.cfi_def_cfa_register 13
 622              		@ sp needed
 623 00b2 5DF8047B 		ldr	r7, [sp], #4
 624              	.LCFI17:
 625              		.cfi_restore 7
 626              		.cfi_def_cfa_offset 0
 627 00b6 7047     		bx	lr
 628              	.L33:
 629              		.align	2
 630              	.L32:
 631 00b8 003C0140 		.word	1073822720
 632 00bc 00380140 		.word	1073821696
 633              		.cfi_endproc
 634              	.LFE222:
 636              		.section	.text.HAL_EXTI_RegisterCallback,"ax",%progbits
 637              		.align	1
 638              		.global	HAL_EXTI_RegisterCallback
 639              		.syntax unified
 640              		.thumb
 641              		.thumb_func
 643              	HAL_EXTI_RegisterCallback:
 644              	.LFB223:
 360:Drivers/STM32F4xx_HAL_Driver/Src/stm32f4xx_hal_exti.c **** 
 361:Drivers/STM32F4xx_HAL_Driver/Src/stm32f4xx_hal_exti.c **** /**
 362:Drivers/STM32F4xx_HAL_Driver/Src/stm32f4xx_hal_exti.c ****   * @brief  Register callback for a dedicated Exti line.
 363:Drivers/STM32F4xx_HAL_Driver/Src/stm32f4xx_hal_exti.c ****   * @param  hexti Exti handle.
 364:Drivers/STM32F4xx_HAL_Driver/Src/stm32f4xx_hal_exti.c ****   * @param  CallbackID User callback identifier.
 365:Drivers/STM32F4xx_HAL_Driver/Src/stm32f4xx_hal_exti.c ****   *         This parameter can be one of @arg @ref EXTI_CallbackIDTypeDef values.
 366:Drivers/STM32F4xx_HAL_Driver/Src/stm32f4xx_hal_exti.c ****   * @param  pPendingCbfn function pointer to be stored as callback.
 367:Drivers/STM32F4xx_HAL_Driver/Src/stm32f4xx_hal_exti.c ****   * @retval HAL Status.
 368:Drivers/STM32F4xx_HAL_Driver/Src/stm32f4xx_hal_exti.c ****   */
 369:Drivers/STM32F4xx_HAL_Driver/Src/stm32f4xx_hal_exti.c **** HAL_StatusTypeDef HAL_EXTI_RegisterCallback(EXTI_HandleTypeDef *hexti, EXTI_CallbackIDTypeDef Callb
 370:Drivers/STM32F4xx_HAL_Driver/Src/stm32f4xx_hal_exti.c **** {
 645              		.loc 1 370 1
 646              		.cfi_startproc
 647              		@ args = 0, pretend = 0, frame = 24
 648              		@ frame_needed = 1, uses_anonymous_args = 0
 649              		@ link register save eliminated.
 650 0000 80B4     		push	{r7}
 651              	.LCFI18:
 652              		.cfi_def_cfa_offset 4
 653              		.cfi_offset 7, -4
 654 0002 87B0     		sub	sp, sp, #28
 655              	.LCFI19:
 656              		.cfi_def_cfa_offset 32
 657 0004 00AF     		add	r7, sp, #0
 658              	.LCFI20:
 659              		.cfi_def_cfa_register 7
 660 0006 F860     		str	r0, [r7, #12]
 661 0008 0B46     		mov	r3, r1
 662 000a 7A60     		str	r2, [r7, #4]
 663 000c FB72     		strb	r3, [r7, #11]
ARM GAS  C:\Users\natal\AppData\Local\Temp\ccII1g9k.s 			page 19


 371:Drivers/STM32F4xx_HAL_Driver/Src/stm32f4xx_hal_exti.c ****   HAL_StatusTypeDef status = HAL_OK;
 664              		.loc 1 371 21
 665 000e 0023     		movs	r3, #0
 666 0010 FB75     		strb	r3, [r7, #23]
 372:Drivers/STM32F4xx_HAL_Driver/Src/stm32f4xx_hal_exti.c **** 
 373:Drivers/STM32F4xx_HAL_Driver/Src/stm32f4xx_hal_exti.c ****   switch (CallbackID)
 667              		.loc 1 373 3
 668 0012 FB7A     		ldrb	r3, [r7, #11]	@ zero_extendqisi2
 669 0014 002B     		cmp	r3, #0
 670 0016 03D1     		bne	.L35
 374:Drivers/STM32F4xx_HAL_Driver/Src/stm32f4xx_hal_exti.c ****   {
 375:Drivers/STM32F4xx_HAL_Driver/Src/stm32f4xx_hal_exti.c ****     case  HAL_EXTI_COMMON_CB_ID:
 376:Drivers/STM32F4xx_HAL_Driver/Src/stm32f4xx_hal_exti.c ****       hexti->PendingCallback = pPendingCbfn;
 671              		.loc 1 376 30
 672 0018 FB68     		ldr	r3, [r7, #12]
 673 001a 7A68     		ldr	r2, [r7, #4]
 674 001c 5A60     		str	r2, [r3, #4]
 377:Drivers/STM32F4xx_HAL_Driver/Src/stm32f4xx_hal_exti.c ****       break;
 675              		.loc 1 377 7
 676 001e 02E0     		b	.L36
 677              	.L35:
 378:Drivers/STM32F4xx_HAL_Driver/Src/stm32f4xx_hal_exti.c **** 
 379:Drivers/STM32F4xx_HAL_Driver/Src/stm32f4xx_hal_exti.c ****     default:
 380:Drivers/STM32F4xx_HAL_Driver/Src/stm32f4xx_hal_exti.c ****       status = HAL_ERROR;
 678              		.loc 1 380 14
 679 0020 0123     		movs	r3, #1
 680 0022 FB75     		strb	r3, [r7, #23]
 381:Drivers/STM32F4xx_HAL_Driver/Src/stm32f4xx_hal_exti.c ****       break;
 681              		.loc 1 381 7
 682 0024 00BF     		nop
 683              	.L36:
 382:Drivers/STM32F4xx_HAL_Driver/Src/stm32f4xx_hal_exti.c ****   }
 383:Drivers/STM32F4xx_HAL_Driver/Src/stm32f4xx_hal_exti.c **** 
 384:Drivers/STM32F4xx_HAL_Driver/Src/stm32f4xx_hal_exti.c ****   return status;
 684              		.loc 1 384 10
 685 0026 FB7D     		ldrb	r3, [r7, #23]	@ zero_extendqisi2
 385:Drivers/STM32F4xx_HAL_Driver/Src/stm32f4xx_hal_exti.c **** }
 686              		.loc 1 385 1
 687 0028 1846     		mov	r0, r3
 688 002a 1C37     		adds	r7, r7, #28
 689              	.LCFI21:
 690              		.cfi_def_cfa_offset 4
 691 002c BD46     		mov	sp, r7
 692              	.LCFI22:
 693              		.cfi_def_cfa_register 13
 694              		@ sp needed
 695 002e 5DF8047B 		ldr	r7, [sp], #4
 696              	.LCFI23:
 697              		.cfi_restore 7
 698              		.cfi_def_cfa_offset 0
 699 0032 7047     		bx	lr
 700              		.cfi_endproc
 701              	.LFE223:
 703              		.section	.text.HAL_EXTI_GetHandle,"ax",%progbits
 704              		.align	1
 705              		.global	HAL_EXTI_GetHandle
 706              		.syntax unified
ARM GAS  C:\Users\natal\AppData\Local\Temp\ccII1g9k.s 			page 20


 707              		.thumb
 708              		.thumb_func
 710              	HAL_EXTI_GetHandle:
 711              	.LFB224:
 386:Drivers/STM32F4xx_HAL_Driver/Src/stm32f4xx_hal_exti.c **** 
 387:Drivers/STM32F4xx_HAL_Driver/Src/stm32f4xx_hal_exti.c **** /**
 388:Drivers/STM32F4xx_HAL_Driver/Src/stm32f4xx_hal_exti.c ****   * @brief  Store line number as handle private field.
 389:Drivers/STM32F4xx_HAL_Driver/Src/stm32f4xx_hal_exti.c ****   * @param  hexti Exti handle.
 390:Drivers/STM32F4xx_HAL_Driver/Src/stm32f4xx_hal_exti.c ****   * @param  ExtiLine Exti line number.
 391:Drivers/STM32F4xx_HAL_Driver/Src/stm32f4xx_hal_exti.c ****   *         This parameter can be from 0 to @ref EXTI_LINE_NB.
 392:Drivers/STM32F4xx_HAL_Driver/Src/stm32f4xx_hal_exti.c ****   * @retval HAL Status.
 393:Drivers/STM32F4xx_HAL_Driver/Src/stm32f4xx_hal_exti.c ****   */
 394:Drivers/STM32F4xx_HAL_Driver/Src/stm32f4xx_hal_exti.c **** HAL_StatusTypeDef HAL_EXTI_GetHandle(EXTI_HandleTypeDef *hexti, uint32_t ExtiLine)
 395:Drivers/STM32F4xx_HAL_Driver/Src/stm32f4xx_hal_exti.c **** {
 712              		.loc 1 395 1
 713              		.cfi_startproc
 714              		@ args = 0, pretend = 0, frame = 8
 715              		@ frame_needed = 1, uses_anonymous_args = 0
 716              		@ link register save eliminated.
 717 0000 80B4     		push	{r7}
 718              	.LCFI24:
 719              		.cfi_def_cfa_offset 4
 720              		.cfi_offset 7, -4
 721 0002 83B0     		sub	sp, sp, #12
 722              	.LCFI25:
 723              		.cfi_def_cfa_offset 16
 724 0004 00AF     		add	r7, sp, #0
 725              	.LCFI26:
 726              		.cfi_def_cfa_register 7
 727 0006 7860     		str	r0, [r7, #4]
 728 0008 3960     		str	r1, [r7]
 396:Drivers/STM32F4xx_HAL_Driver/Src/stm32f4xx_hal_exti.c ****   /* Check the parameters */
 397:Drivers/STM32F4xx_HAL_Driver/Src/stm32f4xx_hal_exti.c ****   assert_param(IS_EXTI_LINE(ExtiLine));
 398:Drivers/STM32F4xx_HAL_Driver/Src/stm32f4xx_hal_exti.c **** 
 399:Drivers/STM32F4xx_HAL_Driver/Src/stm32f4xx_hal_exti.c ****   /* Check null pointer */
 400:Drivers/STM32F4xx_HAL_Driver/Src/stm32f4xx_hal_exti.c ****   if (hexti == NULL)
 729              		.loc 1 400 6
 730 000a 7B68     		ldr	r3, [r7, #4]
 731 000c 002B     		cmp	r3, #0
 732 000e 01D1     		bne	.L39
 401:Drivers/STM32F4xx_HAL_Driver/Src/stm32f4xx_hal_exti.c ****   {
 402:Drivers/STM32F4xx_HAL_Driver/Src/stm32f4xx_hal_exti.c ****     return HAL_ERROR;
 733              		.loc 1 402 12
 734 0010 0123     		movs	r3, #1
 735 0012 03E0     		b	.L40
 736              	.L39:
 403:Drivers/STM32F4xx_HAL_Driver/Src/stm32f4xx_hal_exti.c ****   }
 404:Drivers/STM32F4xx_HAL_Driver/Src/stm32f4xx_hal_exti.c ****   else
 405:Drivers/STM32F4xx_HAL_Driver/Src/stm32f4xx_hal_exti.c ****   {
 406:Drivers/STM32F4xx_HAL_Driver/Src/stm32f4xx_hal_exti.c ****     /* Store line number as handle private field */
 407:Drivers/STM32F4xx_HAL_Driver/Src/stm32f4xx_hal_exti.c ****     hexti->Line = ExtiLine;
 737              		.loc 1 407 17
 738 0014 7B68     		ldr	r3, [r7, #4]
 739 0016 3A68     		ldr	r2, [r7]
 740 0018 1A60     		str	r2, [r3]
 408:Drivers/STM32F4xx_HAL_Driver/Src/stm32f4xx_hal_exti.c **** 
 409:Drivers/STM32F4xx_HAL_Driver/Src/stm32f4xx_hal_exti.c ****     return HAL_OK;
ARM GAS  C:\Users\natal\AppData\Local\Temp\ccII1g9k.s 			page 21


 741              		.loc 1 409 12
 742 001a 0023     		movs	r3, #0
 743              	.L40:
 410:Drivers/STM32F4xx_HAL_Driver/Src/stm32f4xx_hal_exti.c ****   }
 411:Drivers/STM32F4xx_HAL_Driver/Src/stm32f4xx_hal_exti.c **** }
 744              		.loc 1 411 1
 745 001c 1846     		mov	r0, r3
 746 001e 0C37     		adds	r7, r7, #12
 747              	.LCFI27:
 748              		.cfi_def_cfa_offset 4
 749 0020 BD46     		mov	sp, r7
 750              	.LCFI28:
 751              		.cfi_def_cfa_register 13
 752              		@ sp needed
 753 0022 5DF8047B 		ldr	r7, [sp], #4
 754              	.LCFI29:
 755              		.cfi_restore 7
 756              		.cfi_def_cfa_offset 0
 757 0026 7047     		bx	lr
 758              		.cfi_endproc
 759              	.LFE224:
 761              		.section	.text.HAL_EXTI_IRQHandler,"ax",%progbits
 762              		.align	1
 763              		.global	HAL_EXTI_IRQHandler
 764              		.syntax unified
 765              		.thumb
 766              		.thumb_func
 768              	HAL_EXTI_IRQHandler:
 769              	.LFB225:
 412:Drivers/STM32F4xx_HAL_Driver/Src/stm32f4xx_hal_exti.c **** 
 413:Drivers/STM32F4xx_HAL_Driver/Src/stm32f4xx_hal_exti.c **** /**
 414:Drivers/STM32F4xx_HAL_Driver/Src/stm32f4xx_hal_exti.c ****   * @}
 415:Drivers/STM32F4xx_HAL_Driver/Src/stm32f4xx_hal_exti.c ****   */
 416:Drivers/STM32F4xx_HAL_Driver/Src/stm32f4xx_hal_exti.c **** 
 417:Drivers/STM32F4xx_HAL_Driver/Src/stm32f4xx_hal_exti.c **** /** @addtogroup EXTI_Exported_Functions_Group2
 418:Drivers/STM32F4xx_HAL_Driver/Src/stm32f4xx_hal_exti.c ****   *  @brief EXTI IO functions.
 419:Drivers/STM32F4xx_HAL_Driver/Src/stm32f4xx_hal_exti.c ****   *
 420:Drivers/STM32F4xx_HAL_Driver/Src/stm32f4xx_hal_exti.c **** @verbatim
 421:Drivers/STM32F4xx_HAL_Driver/Src/stm32f4xx_hal_exti.c ****  ===============================================================================
 422:Drivers/STM32F4xx_HAL_Driver/Src/stm32f4xx_hal_exti.c ****                        ##### IO operation functions #####
 423:Drivers/STM32F4xx_HAL_Driver/Src/stm32f4xx_hal_exti.c ****  ===============================================================================
 424:Drivers/STM32F4xx_HAL_Driver/Src/stm32f4xx_hal_exti.c **** 
 425:Drivers/STM32F4xx_HAL_Driver/Src/stm32f4xx_hal_exti.c **** @endverbatim
 426:Drivers/STM32F4xx_HAL_Driver/Src/stm32f4xx_hal_exti.c ****   * @{
 427:Drivers/STM32F4xx_HAL_Driver/Src/stm32f4xx_hal_exti.c ****   */
 428:Drivers/STM32F4xx_HAL_Driver/Src/stm32f4xx_hal_exti.c **** 
 429:Drivers/STM32F4xx_HAL_Driver/Src/stm32f4xx_hal_exti.c **** /**
 430:Drivers/STM32F4xx_HAL_Driver/Src/stm32f4xx_hal_exti.c ****   * @brief  Handle EXTI interrupt request.
 431:Drivers/STM32F4xx_HAL_Driver/Src/stm32f4xx_hal_exti.c ****   * @param  hexti Exti handle.
 432:Drivers/STM32F4xx_HAL_Driver/Src/stm32f4xx_hal_exti.c ****   * @retval none.
 433:Drivers/STM32F4xx_HAL_Driver/Src/stm32f4xx_hal_exti.c ****   */
 434:Drivers/STM32F4xx_HAL_Driver/Src/stm32f4xx_hal_exti.c **** void HAL_EXTI_IRQHandler(EXTI_HandleTypeDef *hexti)
 435:Drivers/STM32F4xx_HAL_Driver/Src/stm32f4xx_hal_exti.c **** {
 770              		.loc 1 435 1
 771              		.cfi_startproc
 772              		@ args = 0, pretend = 0, frame = 16
 773              		@ frame_needed = 1, uses_anonymous_args = 0
ARM GAS  C:\Users\natal\AppData\Local\Temp\ccII1g9k.s 			page 22


 774 0000 80B5     		push	{r7, lr}
 775              	.LCFI30:
 776              		.cfi_def_cfa_offset 8
 777              		.cfi_offset 7, -8
 778              		.cfi_offset 14, -4
 779 0002 84B0     		sub	sp, sp, #16
 780              	.LCFI31:
 781              		.cfi_def_cfa_offset 24
 782 0004 00AF     		add	r7, sp, #0
 783              	.LCFI32:
 784              		.cfi_def_cfa_register 7
 785 0006 7860     		str	r0, [r7, #4]
 436:Drivers/STM32F4xx_HAL_Driver/Src/stm32f4xx_hal_exti.c ****   uint32_t regval;
 437:Drivers/STM32F4xx_HAL_Driver/Src/stm32f4xx_hal_exti.c ****   uint32_t maskline;
 438:Drivers/STM32F4xx_HAL_Driver/Src/stm32f4xx_hal_exti.c **** 
 439:Drivers/STM32F4xx_HAL_Driver/Src/stm32f4xx_hal_exti.c ****   /* Compute line mask */
 440:Drivers/STM32F4xx_HAL_Driver/Src/stm32f4xx_hal_exti.c ****   maskline = (1uL << (hexti->Line & EXTI_PIN_MASK));
 786              		.loc 1 440 28
 787 0008 7B68     		ldr	r3, [r7, #4]
 788 000a 1B68     		ldr	r3, [r3]
 789              		.loc 1 440 35
 790 000c 03F01F03 		and	r3, r3, #31
 791              		.loc 1 440 12
 792 0010 0122     		movs	r2, #1
 793 0012 02FA03F3 		lsl	r3, r2, r3
 794 0016 FB60     		str	r3, [r7, #12]
 441:Drivers/STM32F4xx_HAL_Driver/Src/stm32f4xx_hal_exti.c **** 
 442:Drivers/STM32F4xx_HAL_Driver/Src/stm32f4xx_hal_exti.c ****   /* Get pending bit  */
 443:Drivers/STM32F4xx_HAL_Driver/Src/stm32f4xx_hal_exti.c ****   regval = (EXTI->PR & maskline);
 795              		.loc 1 443 17
 796 0018 0A4B     		ldr	r3, .L44
 797 001a 5B69     		ldr	r3, [r3, #20]
 798              		.loc 1 443 10
 799 001c FA68     		ldr	r2, [r7, #12]
 800 001e 1340     		ands	r3, r3, r2
 801 0020 BB60     		str	r3, [r7, #8]
 444:Drivers/STM32F4xx_HAL_Driver/Src/stm32f4xx_hal_exti.c ****   if (regval != 0x00u)
 802              		.loc 1 444 6
 803 0022 BB68     		ldr	r3, [r7, #8]
 804 0024 002B     		cmp	r3, #0
 805 0026 09D0     		beq	.L43
 445:Drivers/STM32F4xx_HAL_Driver/Src/stm32f4xx_hal_exti.c ****   {
 446:Drivers/STM32F4xx_HAL_Driver/Src/stm32f4xx_hal_exti.c ****     /* Clear pending bit */
 447:Drivers/STM32F4xx_HAL_Driver/Src/stm32f4xx_hal_exti.c ****     EXTI->PR = maskline;
 806              		.loc 1 447 9
 807 0028 064A     		ldr	r2, .L44
 808              		.loc 1 447 14
 809 002a FB68     		ldr	r3, [r7, #12]
 810 002c 5361     		str	r3, [r2, #20]
 448:Drivers/STM32F4xx_HAL_Driver/Src/stm32f4xx_hal_exti.c **** 
 449:Drivers/STM32F4xx_HAL_Driver/Src/stm32f4xx_hal_exti.c ****     /* Call callback */
 450:Drivers/STM32F4xx_HAL_Driver/Src/stm32f4xx_hal_exti.c ****     if (hexti->PendingCallback != NULL)
 811              		.loc 1 450 14
 812 002e 7B68     		ldr	r3, [r7, #4]
 813 0030 5B68     		ldr	r3, [r3, #4]
 814              		.loc 1 450 8
 815 0032 002B     		cmp	r3, #0
ARM GAS  C:\Users\natal\AppData\Local\Temp\ccII1g9k.s 			page 23


 816 0034 02D0     		beq	.L43
 451:Drivers/STM32F4xx_HAL_Driver/Src/stm32f4xx_hal_exti.c ****     {
 452:Drivers/STM32F4xx_HAL_Driver/Src/stm32f4xx_hal_exti.c ****       hexti->PendingCallback();
 817              		.loc 1 452 12
 818 0036 7B68     		ldr	r3, [r7, #4]
 819 0038 5B68     		ldr	r3, [r3, #4]
 820              		.loc 1 452 7
 821 003a 9847     		blx	r3
 822              	.LVL0:
 823              	.L43:
 453:Drivers/STM32F4xx_HAL_Driver/Src/stm32f4xx_hal_exti.c ****     }
 454:Drivers/STM32F4xx_HAL_Driver/Src/stm32f4xx_hal_exti.c ****   }
 455:Drivers/STM32F4xx_HAL_Driver/Src/stm32f4xx_hal_exti.c **** }
 824              		.loc 1 455 1
 825 003c 00BF     		nop
 826 003e 1037     		adds	r7, r7, #16
 827              	.LCFI33:
 828              		.cfi_def_cfa_offset 8
 829 0040 BD46     		mov	sp, r7
 830              	.LCFI34:
 831              		.cfi_def_cfa_register 13
 832              		@ sp needed
 833 0042 80BD     		pop	{r7, pc}
 834              	.L45:
 835              		.align	2
 836              	.L44:
 837 0044 003C0140 		.word	1073822720
 838              		.cfi_endproc
 839              	.LFE225:
 841              		.section	.text.HAL_EXTI_GetPending,"ax",%progbits
 842              		.align	1
 843              		.global	HAL_EXTI_GetPending
 844              		.syntax unified
 845              		.thumb
 846              		.thumb_func
 848              	HAL_EXTI_GetPending:
 849              	.LFB226:
 456:Drivers/STM32F4xx_HAL_Driver/Src/stm32f4xx_hal_exti.c **** 
 457:Drivers/STM32F4xx_HAL_Driver/Src/stm32f4xx_hal_exti.c **** /**
 458:Drivers/STM32F4xx_HAL_Driver/Src/stm32f4xx_hal_exti.c ****   * @brief  Get interrupt pending bit of a dedicated line.
 459:Drivers/STM32F4xx_HAL_Driver/Src/stm32f4xx_hal_exti.c ****   * @param  hexti Exti handle.
 460:Drivers/STM32F4xx_HAL_Driver/Src/stm32f4xx_hal_exti.c ****   * @param  Edge Specify which pending edge as to be checked.
 461:Drivers/STM32F4xx_HAL_Driver/Src/stm32f4xx_hal_exti.c ****   *         This parameter can be one of the following values:
 462:Drivers/STM32F4xx_HAL_Driver/Src/stm32f4xx_hal_exti.c ****   *           @arg @ref EXTI_TRIGGER_RISING_FALLING
 463:Drivers/STM32F4xx_HAL_Driver/Src/stm32f4xx_hal_exti.c ****   *         This parameter is kept for compatibility with other series.
 464:Drivers/STM32F4xx_HAL_Driver/Src/stm32f4xx_hal_exti.c ****   * @retval 1 if interrupt is pending else 0.
 465:Drivers/STM32F4xx_HAL_Driver/Src/stm32f4xx_hal_exti.c ****   */
 466:Drivers/STM32F4xx_HAL_Driver/Src/stm32f4xx_hal_exti.c **** uint32_t HAL_EXTI_GetPending(EXTI_HandleTypeDef *hexti, uint32_t Edge)
 467:Drivers/STM32F4xx_HAL_Driver/Src/stm32f4xx_hal_exti.c **** {
 850              		.loc 1 467 1
 851              		.cfi_startproc
 852              		@ args = 0, pretend = 0, frame = 24
 853              		@ frame_needed = 1, uses_anonymous_args = 0
 854              		@ link register save eliminated.
 855 0000 80B4     		push	{r7}
 856              	.LCFI35:
 857              		.cfi_def_cfa_offset 4
ARM GAS  C:\Users\natal\AppData\Local\Temp\ccII1g9k.s 			page 24


 858              		.cfi_offset 7, -4
 859 0002 87B0     		sub	sp, sp, #28
 860              	.LCFI36:
 861              		.cfi_def_cfa_offset 32
 862 0004 00AF     		add	r7, sp, #0
 863              	.LCFI37:
 864              		.cfi_def_cfa_register 7
 865 0006 7860     		str	r0, [r7, #4]
 866 0008 3960     		str	r1, [r7]
 468:Drivers/STM32F4xx_HAL_Driver/Src/stm32f4xx_hal_exti.c ****   uint32_t regval;
 469:Drivers/STM32F4xx_HAL_Driver/Src/stm32f4xx_hal_exti.c ****   uint32_t linepos;
 470:Drivers/STM32F4xx_HAL_Driver/Src/stm32f4xx_hal_exti.c ****   uint32_t maskline;
 471:Drivers/STM32F4xx_HAL_Driver/Src/stm32f4xx_hal_exti.c **** 
 472:Drivers/STM32F4xx_HAL_Driver/Src/stm32f4xx_hal_exti.c ****   /* Prevent unused argument(s) compilation warning */
 473:Drivers/STM32F4xx_HAL_Driver/Src/stm32f4xx_hal_exti.c ****   UNUSED(Edge);
 474:Drivers/STM32F4xx_HAL_Driver/Src/stm32f4xx_hal_exti.c **** 
 475:Drivers/STM32F4xx_HAL_Driver/Src/stm32f4xx_hal_exti.c ****   /* Check parameters */
 476:Drivers/STM32F4xx_HAL_Driver/Src/stm32f4xx_hal_exti.c ****   assert_param(IS_EXTI_LINE(hexti->Line));
 477:Drivers/STM32F4xx_HAL_Driver/Src/stm32f4xx_hal_exti.c ****   assert_param(IS_EXTI_CONFIG_LINE(hexti->Line));
 478:Drivers/STM32F4xx_HAL_Driver/Src/stm32f4xx_hal_exti.c ****   assert_param(IS_EXTI_PENDING_EDGE(Edge));
 479:Drivers/STM32F4xx_HAL_Driver/Src/stm32f4xx_hal_exti.c **** 
 480:Drivers/STM32F4xx_HAL_Driver/Src/stm32f4xx_hal_exti.c ****   /* Compute line mask */
 481:Drivers/STM32F4xx_HAL_Driver/Src/stm32f4xx_hal_exti.c ****   linepos = (hexti->Line & EXTI_PIN_MASK);
 867              		.loc 1 481 19
 868 000a 7B68     		ldr	r3, [r7, #4]
 869 000c 1B68     		ldr	r3, [r3]
 870              		.loc 1 481 11
 871 000e 03F01F03 		and	r3, r3, #31
 872 0012 7B61     		str	r3, [r7, #20]
 482:Drivers/STM32F4xx_HAL_Driver/Src/stm32f4xx_hal_exti.c ****   maskline = (1uL << linepos);
 873              		.loc 1 482 12
 874 0014 0122     		movs	r2, #1
 875 0016 7B69     		ldr	r3, [r7, #20]
 876 0018 02FA03F3 		lsl	r3, r2, r3
 877 001c 3B61     		str	r3, [r7, #16]
 483:Drivers/STM32F4xx_HAL_Driver/Src/stm32f4xx_hal_exti.c **** 
 484:Drivers/STM32F4xx_HAL_Driver/Src/stm32f4xx_hal_exti.c ****   /* return 1 if bit is set else 0 */
 485:Drivers/STM32F4xx_HAL_Driver/Src/stm32f4xx_hal_exti.c ****   regval = ((EXTI->PR & maskline) >> linepos);
 878              		.loc 1 485 18
 879 001e 074B     		ldr	r3, .L48
 880 0020 5A69     		ldr	r2, [r3, #20]
 881              		.loc 1 485 23
 882 0022 3B69     		ldr	r3, [r7, #16]
 883 0024 1A40     		ands	r2, r2, r3
 884              		.loc 1 485 10
 885 0026 7B69     		ldr	r3, [r7, #20]
 886 0028 22FA03F3 		lsr	r3, r2, r3
 887 002c FB60     		str	r3, [r7, #12]
 486:Drivers/STM32F4xx_HAL_Driver/Src/stm32f4xx_hal_exti.c ****   return regval;
 888              		.loc 1 486 10
 889 002e FB68     		ldr	r3, [r7, #12]
 487:Drivers/STM32F4xx_HAL_Driver/Src/stm32f4xx_hal_exti.c **** }
 890              		.loc 1 487 1
 891 0030 1846     		mov	r0, r3
 892 0032 1C37     		adds	r7, r7, #28
 893              	.LCFI38:
 894              		.cfi_def_cfa_offset 4
ARM GAS  C:\Users\natal\AppData\Local\Temp\ccII1g9k.s 			page 25


 895 0034 BD46     		mov	sp, r7
 896              	.LCFI39:
 897              		.cfi_def_cfa_register 13
 898              		@ sp needed
 899 0036 5DF8047B 		ldr	r7, [sp], #4
 900              	.LCFI40:
 901              		.cfi_restore 7
 902              		.cfi_def_cfa_offset 0
 903 003a 7047     		bx	lr
 904              	.L49:
 905              		.align	2
 906              	.L48:
 907 003c 003C0140 		.word	1073822720
 908              		.cfi_endproc
 909              	.LFE226:
 911              		.section	.text.HAL_EXTI_ClearPending,"ax",%progbits
 912              		.align	1
 913              		.global	HAL_EXTI_ClearPending
 914              		.syntax unified
 915              		.thumb
 916              		.thumb_func
 918              	HAL_EXTI_ClearPending:
 919              	.LFB227:
 488:Drivers/STM32F4xx_HAL_Driver/Src/stm32f4xx_hal_exti.c **** 
 489:Drivers/STM32F4xx_HAL_Driver/Src/stm32f4xx_hal_exti.c **** /**
 490:Drivers/STM32F4xx_HAL_Driver/Src/stm32f4xx_hal_exti.c ****   * @brief  Clear interrupt pending bit of a dedicated line.
 491:Drivers/STM32F4xx_HAL_Driver/Src/stm32f4xx_hal_exti.c ****   * @param  hexti Exti handle.
 492:Drivers/STM32F4xx_HAL_Driver/Src/stm32f4xx_hal_exti.c ****   * @param  Edge Specify which pending edge as to be clear.
 493:Drivers/STM32F4xx_HAL_Driver/Src/stm32f4xx_hal_exti.c ****   *         This parameter can be one of the following values:
 494:Drivers/STM32F4xx_HAL_Driver/Src/stm32f4xx_hal_exti.c ****   *           @arg @ref EXTI_TRIGGER_RISING_FALLING
 495:Drivers/STM32F4xx_HAL_Driver/Src/stm32f4xx_hal_exti.c ****   *         This parameter is kept for compatibility with other series.
 496:Drivers/STM32F4xx_HAL_Driver/Src/stm32f4xx_hal_exti.c ****   * @retval None.
 497:Drivers/STM32F4xx_HAL_Driver/Src/stm32f4xx_hal_exti.c ****   */
 498:Drivers/STM32F4xx_HAL_Driver/Src/stm32f4xx_hal_exti.c **** void HAL_EXTI_ClearPending(EXTI_HandleTypeDef *hexti, uint32_t Edge)
 499:Drivers/STM32F4xx_HAL_Driver/Src/stm32f4xx_hal_exti.c **** {
 920              		.loc 1 499 1
 921              		.cfi_startproc
 922              		@ args = 0, pretend = 0, frame = 16
 923              		@ frame_needed = 1, uses_anonymous_args = 0
 924              		@ link register save eliminated.
 925 0000 80B4     		push	{r7}
 926              	.LCFI41:
 927              		.cfi_def_cfa_offset 4
 928              		.cfi_offset 7, -4
 929 0002 85B0     		sub	sp, sp, #20
 930              	.LCFI42:
 931              		.cfi_def_cfa_offset 24
 932 0004 00AF     		add	r7, sp, #0
 933              	.LCFI43:
 934              		.cfi_def_cfa_register 7
 935 0006 7860     		str	r0, [r7, #4]
 936 0008 3960     		str	r1, [r7]
 500:Drivers/STM32F4xx_HAL_Driver/Src/stm32f4xx_hal_exti.c ****   uint32_t maskline;
 501:Drivers/STM32F4xx_HAL_Driver/Src/stm32f4xx_hal_exti.c **** 
 502:Drivers/STM32F4xx_HAL_Driver/Src/stm32f4xx_hal_exti.c ****   /* Prevent unused argument(s) compilation warning */
 503:Drivers/STM32F4xx_HAL_Driver/Src/stm32f4xx_hal_exti.c ****   UNUSED(Edge);
 504:Drivers/STM32F4xx_HAL_Driver/Src/stm32f4xx_hal_exti.c **** 
ARM GAS  C:\Users\natal\AppData\Local\Temp\ccII1g9k.s 			page 26


 505:Drivers/STM32F4xx_HAL_Driver/Src/stm32f4xx_hal_exti.c ****   /* Check parameters */
 506:Drivers/STM32F4xx_HAL_Driver/Src/stm32f4xx_hal_exti.c ****   assert_param(IS_EXTI_LINE(hexti->Line));
 507:Drivers/STM32F4xx_HAL_Driver/Src/stm32f4xx_hal_exti.c ****   assert_param(IS_EXTI_CONFIG_LINE(hexti->Line));
 508:Drivers/STM32F4xx_HAL_Driver/Src/stm32f4xx_hal_exti.c ****   assert_param(IS_EXTI_PENDING_EDGE(Edge));
 509:Drivers/STM32F4xx_HAL_Driver/Src/stm32f4xx_hal_exti.c **** 
 510:Drivers/STM32F4xx_HAL_Driver/Src/stm32f4xx_hal_exti.c ****   /* Compute line mask */
 511:Drivers/STM32F4xx_HAL_Driver/Src/stm32f4xx_hal_exti.c ****   maskline = (1uL << (hexti->Line & EXTI_PIN_MASK));
 937              		.loc 1 511 28
 938 000a 7B68     		ldr	r3, [r7, #4]
 939 000c 1B68     		ldr	r3, [r3]
 940              		.loc 1 511 35
 941 000e 03F01F03 		and	r3, r3, #31
 942              		.loc 1 511 12
 943 0012 0122     		movs	r2, #1
 944 0014 02FA03F3 		lsl	r3, r2, r3
 945 0018 FB60     		str	r3, [r7, #12]
 512:Drivers/STM32F4xx_HAL_Driver/Src/stm32f4xx_hal_exti.c **** 
 513:Drivers/STM32F4xx_HAL_Driver/Src/stm32f4xx_hal_exti.c ****   /* Clear Pending bit */
 514:Drivers/STM32F4xx_HAL_Driver/Src/stm32f4xx_hal_exti.c ****   EXTI->PR =  maskline;
 946              		.loc 1 514 7
 947 001a 044A     		ldr	r2, .L51
 948              		.loc 1 514 12
 949 001c FB68     		ldr	r3, [r7, #12]
 950 001e 5361     		str	r3, [r2, #20]
 515:Drivers/STM32F4xx_HAL_Driver/Src/stm32f4xx_hal_exti.c **** }
 951              		.loc 1 515 1
 952 0020 00BF     		nop
 953 0022 1437     		adds	r7, r7, #20
 954              	.LCFI44:
 955              		.cfi_def_cfa_offset 4
 956 0024 BD46     		mov	sp, r7
 957              	.LCFI45:
 958              		.cfi_def_cfa_register 13
 959              		@ sp needed
 960 0026 5DF8047B 		ldr	r7, [sp], #4
 961              	.LCFI46:
 962              		.cfi_restore 7
 963              		.cfi_def_cfa_offset 0
 964 002a 7047     		bx	lr
 965              	.L52:
 966              		.align	2
 967              	.L51:
 968 002c 003C0140 		.word	1073822720
 969              		.cfi_endproc
 970              	.LFE227:
 972              		.section	.text.HAL_EXTI_GenerateSWI,"ax",%progbits
 973              		.align	1
 974              		.global	HAL_EXTI_GenerateSWI
 975              		.syntax unified
 976              		.thumb
 977              		.thumb_func
 979              	HAL_EXTI_GenerateSWI:
 980              	.LFB228:
 516:Drivers/STM32F4xx_HAL_Driver/Src/stm32f4xx_hal_exti.c **** 
 517:Drivers/STM32F4xx_HAL_Driver/Src/stm32f4xx_hal_exti.c **** /**
 518:Drivers/STM32F4xx_HAL_Driver/Src/stm32f4xx_hal_exti.c ****   * @brief  Generate a software interrupt for a dedicated line.
 519:Drivers/STM32F4xx_HAL_Driver/Src/stm32f4xx_hal_exti.c ****   * @param  hexti Exti handle.
ARM GAS  C:\Users\natal\AppData\Local\Temp\ccII1g9k.s 			page 27


 520:Drivers/STM32F4xx_HAL_Driver/Src/stm32f4xx_hal_exti.c ****   * @retval None.
 521:Drivers/STM32F4xx_HAL_Driver/Src/stm32f4xx_hal_exti.c ****   */
 522:Drivers/STM32F4xx_HAL_Driver/Src/stm32f4xx_hal_exti.c **** void HAL_EXTI_GenerateSWI(EXTI_HandleTypeDef *hexti)
 523:Drivers/STM32F4xx_HAL_Driver/Src/stm32f4xx_hal_exti.c **** {
 981              		.loc 1 523 1
 982              		.cfi_startproc
 983              		@ args = 0, pretend = 0, frame = 16
 984              		@ frame_needed = 1, uses_anonymous_args = 0
 985              		@ link register save eliminated.
 986 0000 80B4     		push	{r7}
 987              	.LCFI47:
 988              		.cfi_def_cfa_offset 4
 989              		.cfi_offset 7, -4
 990 0002 85B0     		sub	sp, sp, #20
 991              	.LCFI48:
 992              		.cfi_def_cfa_offset 24
 993 0004 00AF     		add	r7, sp, #0
 994              	.LCFI49:
 995              		.cfi_def_cfa_register 7
 996 0006 7860     		str	r0, [r7, #4]
 524:Drivers/STM32F4xx_HAL_Driver/Src/stm32f4xx_hal_exti.c ****   uint32_t maskline;
 525:Drivers/STM32F4xx_HAL_Driver/Src/stm32f4xx_hal_exti.c **** 
 526:Drivers/STM32F4xx_HAL_Driver/Src/stm32f4xx_hal_exti.c ****   /* Check parameters */
 527:Drivers/STM32F4xx_HAL_Driver/Src/stm32f4xx_hal_exti.c ****   assert_param(IS_EXTI_LINE(hexti->Line));
 528:Drivers/STM32F4xx_HAL_Driver/Src/stm32f4xx_hal_exti.c ****   assert_param(IS_EXTI_CONFIG_LINE(hexti->Line));
 529:Drivers/STM32F4xx_HAL_Driver/Src/stm32f4xx_hal_exti.c **** 
 530:Drivers/STM32F4xx_HAL_Driver/Src/stm32f4xx_hal_exti.c ****   /* Compute line mask */
 531:Drivers/STM32F4xx_HAL_Driver/Src/stm32f4xx_hal_exti.c ****   maskline = (1uL << (hexti->Line & EXTI_PIN_MASK));
 997              		.loc 1 531 28
 998 0008 7B68     		ldr	r3, [r7, #4]
 999 000a 1B68     		ldr	r3, [r3]
 1000              		.loc 1 531 35
 1001 000c 03F01F03 		and	r3, r3, #31
 1002              		.loc 1 531 12
 1003 0010 0122     		movs	r2, #1
 1004 0012 02FA03F3 		lsl	r3, r2, r3
 1005 0016 FB60     		str	r3, [r7, #12]
 532:Drivers/STM32F4xx_HAL_Driver/Src/stm32f4xx_hal_exti.c **** 
 533:Drivers/STM32F4xx_HAL_Driver/Src/stm32f4xx_hal_exti.c ****   /* Generate Software interrupt */
 534:Drivers/STM32F4xx_HAL_Driver/Src/stm32f4xx_hal_exti.c ****   EXTI->SWIER = maskline;
 1006              		.loc 1 534 7
 1007 0018 044A     		ldr	r2, .L54
 1008              		.loc 1 534 15
 1009 001a FB68     		ldr	r3, [r7, #12]
 1010 001c 1361     		str	r3, [r2, #16]
 535:Drivers/STM32F4xx_HAL_Driver/Src/stm32f4xx_hal_exti.c **** }
 1011              		.loc 1 535 1
 1012 001e 00BF     		nop
 1013 0020 1437     		adds	r7, r7, #20
 1014              	.LCFI50:
 1015              		.cfi_def_cfa_offset 4
 1016 0022 BD46     		mov	sp, r7
 1017              	.LCFI51:
 1018              		.cfi_def_cfa_register 13
 1019              		@ sp needed
 1020 0024 5DF8047B 		ldr	r7, [sp], #4
 1021              	.LCFI52:
ARM GAS  C:\Users\natal\AppData\Local\Temp\ccII1g9k.s 			page 28


 1022              		.cfi_restore 7
 1023              		.cfi_def_cfa_offset 0
 1024 0028 7047     		bx	lr
 1025              	.L55:
 1026 002a 00BF     		.align	2
 1027              	.L54:
 1028 002c 003C0140 		.word	1073822720
 1029              		.cfi_endproc
 1030              	.LFE228:
 1032              		.text
 1033              	.Letext0:
 1034              		.file 2 "c:\\arm-gcc\\tools\\tools\\arm-gnu-toolchain-11.3.rel1-mingw-w64-i686-arm-none-eabi\\arm-
 1035              		.file 3 "c:\\arm-gcc\\tools\\tools\\arm-gnu-toolchain-11.3.rel1-mingw-w64-i686-arm-none-eabi\\arm-
 1036              		.file 4 "Drivers/CMSIS/Device/ST/STM32F4xx/Include/stm32f411xe.h"
 1037              		.file 5 "Drivers/STM32F4xx_HAL_Driver/Inc/stm32f4xx_hal_def.h"
 1038              		.file 6 "Drivers/STM32F4xx_HAL_Driver/Inc/stm32f4xx_hal_exti.h"
ARM GAS  C:\Users\natal\AppData\Local\Temp\ccII1g9k.s 			page 29


DEFINED SYMBOLS
                            *ABS*:00000000 stm32f4xx_hal_exti.c
C:\Users\natal\AppData\Local\Temp\ccII1g9k.s:20     .text.HAL_EXTI_SetConfigLine:00000000 $t
C:\Users\natal\AppData\Local\Temp\ccII1g9k.s:26     .text.HAL_EXTI_SetConfigLine:00000000 HAL_EXTI_SetConfigLine
C:\Users\natal\AppData\Local\Temp\ccII1g9k.s:271    .text.HAL_EXTI_SetConfigLine:00000148 $d
C:\Users\natal\AppData\Local\Temp\ccII1g9k.s:277    .text.HAL_EXTI_GetConfigLine:00000000 $t
C:\Users\natal\AppData\Local\Temp\ccII1g9k.s:283    .text.HAL_EXTI_GetConfigLine:00000000 HAL_EXTI_GetConfigLine
C:\Users\natal\AppData\Local\Temp\ccII1g9k.s:465    .text.HAL_EXTI_GetConfigLine:000000ec $d
C:\Users\natal\AppData\Local\Temp\ccII1g9k.s:471    .text.HAL_EXTI_ClearConfigLine:00000000 $t
C:\Users\natal\AppData\Local\Temp\ccII1g9k.s:477    .text.HAL_EXTI_ClearConfigLine:00000000 HAL_EXTI_ClearConfigLine
C:\Users\natal\AppData\Local\Temp\ccII1g9k.s:631    .text.HAL_EXTI_ClearConfigLine:000000b8 $d
C:\Users\natal\AppData\Local\Temp\ccII1g9k.s:637    .text.HAL_EXTI_RegisterCallback:00000000 $t
C:\Users\natal\AppData\Local\Temp\ccII1g9k.s:643    .text.HAL_EXTI_RegisterCallback:00000000 HAL_EXTI_RegisterCallback
C:\Users\natal\AppData\Local\Temp\ccII1g9k.s:704    .text.HAL_EXTI_GetHandle:00000000 $t
C:\Users\natal\AppData\Local\Temp\ccII1g9k.s:710    .text.HAL_EXTI_GetHandle:00000000 HAL_EXTI_GetHandle
C:\Users\natal\AppData\Local\Temp\ccII1g9k.s:762    .text.HAL_EXTI_IRQHandler:00000000 $t
C:\Users\natal\AppData\Local\Temp\ccII1g9k.s:768    .text.HAL_EXTI_IRQHandler:00000000 HAL_EXTI_IRQHandler
C:\Users\natal\AppData\Local\Temp\ccII1g9k.s:837    .text.HAL_EXTI_IRQHandler:00000044 $d
C:\Users\natal\AppData\Local\Temp\ccII1g9k.s:842    .text.HAL_EXTI_GetPending:00000000 $t
C:\Users\natal\AppData\Local\Temp\ccII1g9k.s:848    .text.HAL_EXTI_GetPending:00000000 HAL_EXTI_GetPending
C:\Users\natal\AppData\Local\Temp\ccII1g9k.s:907    .text.HAL_EXTI_GetPending:0000003c $d
C:\Users\natal\AppData\Local\Temp\ccII1g9k.s:912    .text.HAL_EXTI_ClearPending:00000000 $t
C:\Users\natal\AppData\Local\Temp\ccII1g9k.s:918    .text.HAL_EXTI_ClearPending:00000000 HAL_EXTI_ClearPending
C:\Users\natal\AppData\Local\Temp\ccII1g9k.s:968    .text.HAL_EXTI_ClearPending:0000002c $d
C:\Users\natal\AppData\Local\Temp\ccII1g9k.s:973    .text.HAL_EXTI_GenerateSWI:00000000 $t
C:\Users\natal\AppData\Local\Temp\ccII1g9k.s:979    .text.HAL_EXTI_GenerateSWI:00000000 HAL_EXTI_GenerateSWI
C:\Users\natal\AppData\Local\Temp\ccII1g9k.s:1028   .text.HAL_EXTI_GenerateSWI:0000002c $d

NO UNDEFINED SYMBOLS
